{"E:\\_HELIOJR\\ITEC\\itec-ead\\src\\components\\ProtectedRoute.tsx": {"path":"E:\\_HELIOJR\\ITEC\\itec-ead\\src\\components\\ProtectedRoute.tsx","statementMap":{"0":{"start":{"line":7,"column":42},"end":{"line":9,"column":null}},"1":{"start":{"line":17,"column":27},"end":{"line":17,"column":null}},"2":{"start":{"line":20,"column":2},"end":{"line":26,"column":null}},"3":{"start":{"line":21,"column":4},"end":{"line":21,"column":null}},"4":{"start":{"line":21,"column":33},"end":{"line":21,"column":null}},"5":{"start":{"line":22,"column":18},"end":{"line":24,"column":null}},"6":{"start":{"line":23,"column":6},"end":{"line":23,"column":null}},"7":{"start":{"line":23,"column":24},"end":{"line":23,"column":null}},"8":{"start":{"line":25,"column":4},"end":{"line":25,"column":null}},"9":{"start":{"line":25,"column":17},"end":{"line":25,"column":null}},"10":{"start":{"line":28,"column":2},"end":{"line":72,"column":null}},"11":{"start":{"line":29,"column":18},"end":{"line":29,"column":null}},"12":{"start":{"line":32,"column":6},"end":{"line":35,"column":null}},"13":{"start":{"line":33,"column":8},"end":{"line":33,"column":null}},"14":{"start":{"line":33,"column":21},"end":{"line":33,"column":null}},"15":{"start":{"line":34,"column":8},"end":{"line":34,"column":null}},"16":{"start":{"line":36,"column":19},"end":{"line":36,"column":null}},"17":{"start":{"line":37,"column":6},"end":{"line":37,"column":null}},"18":{"start":{"line":37,"column":20},"end":{"line":37,"column":null}},"19":{"start":{"line":38,"column":6},"end":{"line":44,"column":null}},"20":{"start":{"line":39,"column":8},"end":{"line":39,"column":null}},"21":{"start":{"line":40,"column":13},"end":{"line":44,"column":null}},"22":{"start":{"line":41,"column":8},"end":{"line":41,"column":null}},"23":{"start":{"line":43,"column":8},"end":{"line":43,"column":null}},"24":{"start":{"line":48,"column":39},"end":{"line":61,"column":null}},"25":{"start":{"line":50,"column":8},"end":{"line":50,"column":null}},"26":{"start":{"line":50,"column":22},"end":{"line":50,"column":null}},"27":{"start":{"line":51,"column":8},"end":{"line":57,"column":null}},"28":{"start":{"line":56,"column":10},"end":{"line":56,"column":null}},"29":{"start":{"line":58,"column":8},"end":{"line":60,"column":null}},"30":{"start":{"line":59,"column":10},"end":{"line":59,"column":null}},"31":{"start":{"line":59,"column":23},"end":{"line":59,"column":null}},"32":{"start":{"line":67,"column":4},"end":{"line":69,"column":null}},"33":{"start":{"line":68,"column":6},"end":{"line":68,"column":null}},"34":{"start":{"line":68,"column":19},"end":{"line":68,"column":null}},"35":{"start":{"line":71,"column":4},"end":{"line":71,"column":null}},"36":{"start":{"line":71,"column":19},"end":{"line":71,"column":36}},"37":{"start":{"line":71,"column":36},"end":{"line":71,"column":64}},"38":{"start":{"line":74,"column":2},"end":{"line":83,"column":null}},"39":{"start":{"line":75,"column":4},"end":{"line":79,"column":null}},"40":{"start":{"line":85,"column":2},"end":{"line":85,"column":null}},"41":{"start":{"line":85,"column":31},"end":{"line":85,"column":null}},"42":{"start":{"line":86,"column":2},"end":{"line":86,"column":null}},"43":{"start":{"line":86,"column":31},"end":{"line":86,"column":null}},"44":{"start":{"line":87,"column":2},"end":{"line":87,"column":null}},"45":{"start":{"line":87,"column":31},"end":{"line":87,"column":null}},"46":{"start":{"line":89,"column":2},"end":{"line":89,"column":null}}},"fnMap":{"0":{"name":"ProtectedRoute","decl":{"start":{"line":16,"column":24},"end":{"line":16,"column":39}},"loc":{"start":{"line":16,"column":82},"end":{"line":90,"column":null}},"line":16},"1":{"name":"(anonymous_1)","decl":{"start":{"line":20,"column":12},"end":{"line":20,"column":null}},"loc":{"start":{"line":20,"column":12},"end":{"line":26,"column":5}},"line":20},"2":{"name":"(anonymous_2)","decl":{"start":{"line":22,"column":29},"end":{"line":22,"column":null}},"loc":{"start":{"line":22,"column":29},"end":{"line":24,"column":7}},"line":22},"3":{"name":"(anonymous_3)","decl":{"start":{"line":23,"column":16},"end":{"line":23,"column":24}},"loc":{"start":{"line":23,"column":24},"end":{"line":23,"column":null}},"line":23},"4":{"name":"(anonymous_4)","decl":{"start":{"line":25,"column":11},"end":{"line":25,"column":17}},"loc":{"start":{"line":25,"column":17},"end":{"line":25,"column":null}},"line":25},"5":{"name":"(anonymous_5)","decl":{"start":{"line":28,"column":12},"end":{"line":28,"column":null}},"loc":{"start":{"line":28,"column":12},"end":{"line":72,"column":5}},"line":28},"6":{"name":"verificar","decl":{"start":{"line":31,"column":19},"end":{"line":31,"column":29}},"loc":{"start":{"line":31,"column":52},"end":{"line":45,"column":null}},"line":31},"7":{"name":"(anonymous_7)","decl":{"start":{"line":49,"column":6},"end":{"line":49,"column":13}},"loc":{"start":{"line":49,"column":20},"end":{"line":61,"column":null}},"line":49},"8":{"name":"(anonymous_8)","decl":{"start":{"line":67,"column":36},"end":{"line":67,"column":37}},"loc":{"start":{"line":67,"column":58},"end":{"line":69,"column":null}},"line":67},"9":{"name":"(anonymous_9)","decl":{"start":{"line":71,"column":11},"end":{"line":71,"column":19}},"loc":{"start":{"line":71,"column":11},"end":{"line":71,"column":null}},"line":71}},"branchMap":{"0":{"loc":{"start":{"line":21,"column":4},"end":{"line":21,"column":null}},"type":"if","locations":[{"start":{"line":21,"column":4},"end":{"line":21,"column":null}},{"start":{},"end":{}}],"line":21},"1":{"loc":{"start":{"line":23,"column":24},"end":{"line":23,"column":null}},"type":"cond-expr","locations":[{"start":{"line":23,"column":48},"end":{"line":23,"column":63}},{"start":{"line":23,"column":63},"end":{"line":23,"column":null}}],"line":23},"2":{"loc":{"start":{"line":32,"column":6},"end":{"line":35,"column":null}},"type":"if","locations":[{"start":{"line":32,"column":6},"end":{"line":35,"column":null}},{"start":{},"end":{}}],"line":32},"3":{"loc":{"start":{"line":33,"column":8},"end":{"line":33,"column":null}},"type":"if","locations":[{"start":{"line":33,"column":8},"end":{"line":33,"column":null}},{"start":{},"end":{}}],"line":33},"4":{"loc":{"start":{"line":37,"column":6},"end":{"line":37,"column":null}},"type":"if","locations":[{"start":{"line":37,"column":6},"end":{"line":37,"column":null}},{"start":{},"end":{}}],"line":37},"5":{"loc":{"start":{"line":38,"column":6},"end":{"line":44,"column":null}},"type":"if","locations":[{"start":{"line":38,"column":6},"end":{"line":44,"column":null}},{"start":{"line":40,"column":13},"end":{"line":44,"column":null}}],"line":38},"6":{"loc":{"start":{"line":40,"column":13},"end":{"line":44,"column":null}},"type":"if","locations":[{"start":{"line":40,"column":13},"end":{"line":44,"column":null}},{"start":{"line":42,"column":13},"end":{"line":44,"column":null}}],"line":40},"7":{"loc":{"start":{"line":50,"column":8},"end":{"line":50,"column":null}},"type":"if","locations":[{"start":{"line":50,"column":8},"end":{"line":50,"column":null}},{"start":{},"end":{}}],"line":50},"8":{"loc":{"start":{"line":51,"column":8},"end":{"line":57,"column":null}},"type":"if","locations":[{"start":{"line":51,"column":8},"end":{"line":57,"column":null}},{"start":{},"end":{}}],"line":51},"9":{"loc":{"start":{"line":52,"column":10},"end":{"line":54,"column":null}},"type":"binary-expr","locations":[{"start":{"line":52,"column":10},"end":{"line":52,"column":null}},{"start":{"line":53,"column":10},"end":{"line":53,"column":null}},{"start":{"line":54,"column":10},"end":{"line":54,"column":null}}],"line":52},"10":{"loc":{"start":{"line":58,"column":8},"end":{"line":60,"column":null}},"type":"if","locations":[{"start":{"line":58,"column":8},"end":{"line":60,"column":null}},{"start":{},"end":{}}],"line":58},"11":{"loc":{"start":{"line":59,"column":10},"end":{"line":59,"column":null}},"type":"if","locations":[{"start":{"line":59,"column":10},"end":{"line":59,"column":null}},{"start":{},"end":{}}],"line":59},"12":{"loc":{"start":{"line":68,"column":6},"end":{"line":68,"column":null}},"type":"if","locations":[{"start":{"line":68,"column":6},"end":{"line":68,"column":null}},{"start":{},"end":{}}],"line":68},"13":{"loc":{"start":{"line":74,"column":2},"end":{"line":83,"column":null}},"type":"if","locations":[{"start":{"line":74,"column":2},"end":{"line":83,"column":null}},{"start":{},"end":{}}],"line":74},"14":{"loc":{"start":{"line":85,"column":2},"end":{"line":85,"column":null}},"type":"if","locations":[{"start":{"line":85,"column":2},"end":{"line":85,"column":null}},{"start":{},"end":{}}],"line":85},"15":{"loc":{"start":{"line":86,"column":2},"end":{"line":86,"column":null}},"type":"if","locations":[{"start":{"line":86,"column":2},"end":{"line":86,"column":null}},{"start":{},"end":{}}],"line":86},"16":{"loc":{"start":{"line":87,"column":2},"end":{"line":87,"column":null}},"type":"if","locations":[{"start":{"line":87,"column":2},"end":{"line":87,"column":null}},{"start":{},"end":{}}],"line":87}},"s":{"0":1,"1":21,"2":21,"3":16,"4":8,"5":8,"6":0,"7":0,"8":8,"9":8,"10":21,"11":8,"12":13,"13":1,"14":1,"15":1,"16":12,"17":12,"18":0,"19":12,"20":10,"21":2,"22":1,"23":1,"24":8,"25":8,"26":2,"27":6,"28":6,"29":6,"30":0,"31":0,"32":8,"33":8,"34":7,"35":8,"36":8,"37":8,"38":21,"39":8,"40":13,"41":13,"42":12,"43":12,"44":11,"45":11,"46":10},"f":{"0":21,"1":16,"2":0,"3":0,"4":8,"5":8,"6":13,"7":8,"8":8,"9":8},"b":{"0":[8,8],"1":[0,0],"2":[1,12],"3":[1,0],"4":[0,12],"5":[10,2],"6":[1,1],"7":[2,6],"8":[6,0],"9":[6,1,1],"10":[0,6],"11":[0,0],"12":[7,1],"13":[8,13],"14":[1,12],"15":[1,11],"16":[1,10]},"meta":{"lastBranch":17,"lastFunction":10,"lastStatement":47,"seen":{"s:7:42:9:Infinity":0,"f:16:24:16:39":0,"s:17:27:17:Infinity":1,"s:20:2:26:Infinity":2,"f:20:12:20:Infinity":1,"b:21:4:21:Infinity:undefined:undefined:undefined:undefined":0,"s:21:4:21:Infinity":3,"s:21:33:21:Infinity":4,"s:22:18:24:Infinity":5,"f:22:29:22:Infinity":2,"s:23:6:23:Infinity":6,"f:23:16:23:24":3,"s:23:24:23:Infinity":7,"b:23:48:23:63:23:63:23:Infinity":1,"s:25:4:25:Infinity":8,"f:25:11:25:17":4,"s:25:17:25:Infinity":9,"s:28:2:72:Infinity":10,"f:28:12:28:Infinity":5,"s:29:18:29:Infinity":11,"f:31:19:31:29":6,"b:32:6:35:Infinity:undefined:undefined:undefined:undefined":2,"s:32:6:35:Infinity":12,"b:33:8:33:Infinity:undefined:undefined:undefined:undefined":3,"s:33:8:33:Infinity":13,"s:33:21:33:Infinity":14,"s:34:8:34:Infinity":15,"s:36:19:36:Infinity":16,"b:37:6:37:Infinity:undefined:undefined:undefined:undefined":4,"s:37:6:37:Infinity":17,"s:37:20:37:Infinity":18,"b:38:6:44:Infinity:40:13:44:Infinity":5,"s:38:6:44:Infinity":19,"s:39:8:39:Infinity":20,"b:40:13:44:Infinity:42:13:44:Infinity":6,"s:40:13:44:Infinity":21,"s:41:8:41:Infinity":22,"s:43:8:43:Infinity":23,"s:48:39:61:Infinity":24,"f:49:6:49:13":7,"b:50:8:50:Infinity:undefined:undefined:undefined:undefined":7,"s:50:8:50:Infinity":25,"s:50:22:50:Infinity":26,"b:51:8:57:Infinity:undefined:undefined:undefined:undefined":8,"s:51:8:57:Infinity":27,"b:52:10:52:Infinity:53:10:53:Infinity:54:10:54:Infinity":9,"s:56:10:56:Infinity":28,"b:58:8:60:Infinity:undefined:undefined:undefined:undefined":10,"s:58:8:60:Infinity":29,"b:59:10:59:Infinity:undefined:undefined:undefined:undefined":11,"s:59:10:59:Infinity":30,"s:59:23:59:Infinity":31,"s:67:4:69:Infinity":32,"f:67:36:67:37":8,"b:68:6:68:Infinity:undefined:undefined:undefined:undefined":12,"s:68:6:68:Infinity":33,"s:68:19:68:Infinity":34,"s:71:4:71:Infinity":35,"f:71:11:71:19":9,"s:71:19:71:36":36,"s:71:36:71:64":37,"b:74:2:83:Infinity:undefined:undefined:undefined:undefined":13,"s:74:2:83:Infinity":38,"s:75:4:79:Infinity":39,"b:85:2:85:Infinity:undefined:undefined:undefined:undefined":14,"s:85:2:85:Infinity":40,"s:85:31:85:Infinity":41,"b:86:2:86:Infinity:undefined:undefined:undefined:undefined":15,"s:86:2:86:Infinity":42,"s:86:31:86:Infinity":43,"b:87:2:87:Infinity:undefined:undefined:undefined:undefined":16,"s:87:2:87:Infinity":44,"s:87:31:87:Infinity":45,"s:89:2:89:Infinity":46}}}
,"E:\\_HELIOJR\\ITEC\\itec-ead\\src\\pages\\ReservarVaga.tsx": {"path":"E:\\_HELIOJR\\ITEC\\itec-ead\\src\\pages\\ReservarVaga.tsx","statementMap":{"0":{"start":{"line":8,"column":15},"end":{"line":12,"column":null}},"1":{"start":{"line":15,"column":2},"end":{"line":15,"column":null}},"2":{"start":{"line":18,"column":23},"end":{"line":21,"column":null}},"3":{"start":{"line":22,"column":29},"end":{"line":22,"column":null}},"4":{"start":{"line":23,"column":29},"end":{"line":23,"column":null}},"5":{"start":{"line":24,"column":23},"end":{"line":24,"column":null}},"6":{"start":{"line":26,"column":14},"end":{"line":27,"column":null}},"7":{"start":{"line":27,"column":4},"end":{"line":27,"column":null}},"8":{"start":{"line":27,"column":18},"end":{"line":27,"column":null}},"9":{"start":{"line":29,"column":23},"end":{"line":51,"column":null}},"10":{"start":{"line":30,"column":4},"end":{"line":30,"column":null}},"11":{"start":{"line":31,"column":4},"end":{"line":31,"column":null}},"12":{"start":{"line":31,"column":22},"end":{"line":31,"column":97}},"13":{"start":{"line":31,"column":97},"end":{"line":31,"column":105}},"14":{"start":{"line":32,"column":4},"end":{"line":32,"column":null}},"15":{"start":{"line":33,"column":4},"end":{"line":33,"column":null}},"16":{"start":{"line":35,"column":19},"end":{"line":43,"column":null}},"17":{"start":{"line":45,"column":4},"end":{"line":45,"column":null}},"18":{"start":{"line":46,"column":4},"end":{"line":50,"column":null}},"19":{"start":{"line":47,"column":6},"end":{"line":47,"column":null}},"20":{"start":{"line":49,"column":6},"end":{"line":49,"column":null}},"21":{"start":{"line":53,"column":2},"end":{"line":233,"column":null}},"22":{"start":{"line":95,"column":157},"end":{"line":95,"column":189}},"23":{"start":{"line":128,"column":67},"end":{"line":128,"column":null}},"24":{"start":{"line":133,"column":81},"end":{"line":133,"column":null}},"25":{"start":{"line":142,"column":71},"end":{"line":142,"column":null}},"26":{"start":{"line":147,"column":60},"end":{"line":147,"column":null}},"27":{"start":{"line":155,"column":77},"end":{"line":155,"column":117}},"28":{"start":{"line":157,"column":30},"end":{"line":157,"column":57}},"29":{"start":{"line":164,"column":66},"end":{"line":164,"column":104}},"30":{"start":{"line":178,"column":72},"end":{"line":178,"column":null}},"31":{"start":{"line":196,"column":35},"end":{"line":196,"column":null}}},"fnMap":{"0":{"name":"ReservarVaga","decl":{"start":{"line":17,"column":24},"end":{"line":17,"column":null}},"loc":{"start":{"line":17,"column":24},"end":{"line":236,"column":null}},"line":17},"1":{"name":"(anonymous_1)","decl":{"start":{"line":26,"column":14},"end":{"line":26,"column":15}},"loc":{"start":{"line":27,"column":4},"end":{"line":27,"column":null}},"line":27},"2":{"name":"(anonymous_2)","decl":{"start":{"line":27,"column":12},"end":{"line":27,"column":18}},"loc":{"start":{"line":27,"column":18},"end":{"line":27,"column":null}},"line":27},"3":{"name":"(anonymous_3)","decl":{"start":{"line":29,"column":23},"end":{"line":29,"column":30}},"loc":{"start":{"line":29,"column":30},"end":{"line":51,"column":null}},"line":29},"4":{"name":"(anonymous_4)","decl":{"start":{"line":95,"column":152},"end":{"line":95,"column":157}},"loc":{"start":{"line":95,"column":157},"end":{"line":95,"column":189}},"line":95},"5":{"name":"(anonymous_5)","decl":{"start":{"line":128,"column":62},"end":{"line":128,"column":67}},"loc":{"start":{"line":128,"column":67},"end":{"line":128,"column":null}},"line":128},"6":{"name":"(anonymous_6)","decl":{"start":{"line":133,"column":76},"end":{"line":133,"column":81}},"loc":{"start":{"line":133,"column":81},"end":{"line":133,"column":null}},"line":133},"7":{"name":"(anonymous_7)","decl":{"start":{"line":142,"column":66},"end":{"line":142,"column":71}},"loc":{"start":{"line":142,"column":71},"end":{"line":142,"column":null}},"line":142},"8":{"name":"(anonymous_8)","decl":{"start":{"line":147,"column":55},"end":{"line":147,"column":60}},"loc":{"start":{"line":147,"column":60},"end":{"line":147,"column":null}},"line":147},"9":{"name":"(anonymous_9)","decl":{"start":{"line":155,"column":72},"end":{"line":155,"column":77}},"loc":{"start":{"line":155,"column":77},"end":{"line":155,"column":117}},"line":155},"10":{"name":"(anonymous_10)","decl":{"start":{"line":157,"column":30},"end":{"line":157,"column":35}},"loc":{"start":{"line":157,"column":30},"end":{"line":157,"column":57}},"line":157},"11":{"name":"(anonymous_11)","decl":{"start":{"line":164,"column":61},"end":{"line":164,"column":66}},"loc":{"start":{"line":164,"column":66},"end":{"line":164,"column":104}},"line":164},"12":{"name":"(anonymous_12)","decl":{"start":{"line":178,"column":67},"end":{"line":178,"column":72}},"loc":{"start":{"line":178,"column":72},"end":{"line":178,"column":null}},"line":178},"13":{"name":"(anonymous_13)","decl":{"start":{"line":196,"column":30},"end":{"line":196,"column":35}},"loc":{"start":{"line":196,"column":35},"end":{"line":196,"column":null}},"line":196}},"branchMap":{"0":{"loc":{"start":{"line":31,"column":4},"end":{"line":31,"column":null}},"type":"if","locations":[{"start":{"line":31,"column":4},"end":{"line":31,"column":null}},{"start":{},"end":{}}],"line":31},"1":{"loc":{"start":{"line":39,"column":23},"end":{"line":39,"column":null}},"type":"binary-expr","locations":[{"start":{"line":39,"column":23},"end":{"line":39,"column":34}},{"start":{"line":39,"column":38},"end":{"line":39,"column":null}}],"line":39},"2":{"loc":{"start":{"line":41,"column":23},"end":{"line":41,"column":null}},"type":"binary-expr","locations":[{"start":{"line":41,"column":23},"end":{"line":41,"column":41}},{"start":{"line":41,"column":45},"end":{"line":41,"column":null}}],"line":41},"3":{"loc":{"start":{"line":42,"column":23},"end":{"line":42,"column":null}},"type":"binary-expr","locations":[{"start":{"line":42,"column":23},"end":{"line":42,"column":36}},{"start":{"line":42,"column":40},"end":{"line":42,"column":null}}],"line":42},"4":{"loc":{"start":{"line":46,"column":4},"end":{"line":50,"column":null}},"type":"if","locations":[{"start":{"line":46,"column":4},"end":{"line":50,"column":null}},{"start":{"line":48,"column":11},"end":{"line":50,"column":null}}],"line":46},"5":{"loc":{"start":{"line":81,"column":11},"end":{"line":226,"column":null}},"type":"cond-expr","locations":[{"start":{"line":82,"column":29},"end":{"line":114,"column":32}},{"start":{"line":114,"column":32},"end":{"line":226,"column":null}}],"line":81},"6":{"loc":{"start":{"line":206,"column":15},"end":{"line":208,"column":null}},"type":"binary-expr","locations":[{"start":{"line":206,"column":15},"end":{"line":206,"column":null}},{"start":{"line":206,"column":15},"end":{"line":208,"column":null}}],"line":206},"7":{"loc":{"start":{"line":215,"column":26},"end":{"line":215,"column":47}},"type":"binary-expr","locations":[{"start":{"line":215,"column":26},"end":{"line":215,"column":37}},{"start":{"line":215,"column":37},"end":{"line":215,"column":47}}],"line":215},"8":{"loc":{"start":{"line":218,"column":17},"end":{"line":220,"column":null}},"type":"cond-expr","locations":[{"start":{"line":218,"column":17},"end":{"line":220,"column":22}},{"start":{"line":220,"column":20},"end":{"line":220,"column":null}}],"line":218}},"s":{"0":1,"1":1,"2":184,"3":184,"4":184,"5":184,"6":184,"7":172,"8":172,"9":184,"10":3,"11":3,"12":0,"13":0,"14":3,"15":3,"16":3,"17":3,"18":3,"19":1,"20":2,"21":184,"22":2,"23":40,"24":81,"25":44,"26":0,"27":4,"28":546,"29":0,"30":0,"31":3},"f":{"0":184,"1":172,"2":172,"3":3,"4":2,"5":40,"6":81,"7":44,"8":0,"9":4,"10":546,"11":0,"12":0,"13":3},"b":{"0":[0,3],"1":[3,3],"2":[3,3],"3":[3,3],"4":[1,2],"5":[2,182],"6":[182,1],"7":[182,179],"8":[3,179]},"meta":{"lastBranch":9,"lastFunction":14,"lastStatement":32,"seen":{"s:8:15:12:Infinity":0,"s:15:2:15:Infinity":1,"f:17:24:17:Infinity":0,"s:18:23:21:Infinity":2,"s:22:29:22:Infinity":3,"s:23:29:23:Infinity":4,"s:24:23:24:Infinity":5,"s:26:14:27:Infinity":6,"f:26:14:26:15":1,"s:27:4:27:Infinity":7,"f:27:12:27:18":2,"s:27:18:27:Infinity":8,"s:29:23:51:Infinity":9,"f:29:23:29:30":3,"s:30:4:30:Infinity":10,"b:31:4:31:Infinity:undefined:undefined:undefined:undefined":0,"s:31:4:31:Infinity":11,"s:31:22:31:97":12,"s:31:97:31:105":13,"s:32:4:32:Infinity":14,"s:33:4:33:Infinity":15,"s:35:19:43:Infinity":16,"b:39:23:39:34:39:38:39:Infinity":1,"b:41:23:41:41:41:45:41:Infinity":2,"b:42:23:42:36:42:40:42:Infinity":3,"s:45:4:45:Infinity":17,"b:46:4:50:Infinity:48:11:50:Infinity":4,"s:46:4:50:Infinity":18,"s:47:6:47:Infinity":19,"s:49:6:49:Infinity":20,"s:53:2:233:Infinity":21,"b:82:29:114:32:114:32:226:Infinity":5,"f:95:152:95:157":4,"s:95:157:95:189":22,"f:128:62:128:67":5,"s:128:67:128:Infinity":23,"f:133:76:133:81":6,"s:133:81:133:Infinity":24,"f:142:66:142:71":7,"s:142:71:142:Infinity":25,"f:147:55:147:60":8,"s:147:60:147:Infinity":26,"f:155:72:155:77":9,"s:155:77:155:117":27,"f:157:30:157:35":10,"s:157:30:157:57":28,"f:164:61:164:66":11,"s:164:66:164:104":29,"f:178:67:178:72":12,"s:178:72:178:Infinity":30,"f:196:30:196:35":13,"s:196:35:196:Infinity":31,"b:206:15:206:Infinity:206:15:208:Infinity":6,"b:215:26:215:37:215:37:215:47":7,"b:218:17:220:22:220:20:220:Infinity":8}}}
,"E:\\_HELIOJR\\ITEC\\itec-ead\\src\\services\\academico.service.ts": {"path":"E:\\_HELIOJR\\ITEC\\itec-ead\\src\\services\\academico.service.ts","statementMap":{"0":{"start":{"line":58,"column":26},"end":{"line":64,"column":null}},"1":{"start":{"line":66,"column":2},"end":{"line":66,"column":null}},"2":{"start":{"line":66,"column":22},"end":{"line":66,"column":null}},"3":{"start":{"line":67,"column":2},"end":{"line":67,"column":null}},"4":{"start":{"line":71,"column":26},"end":{"line":76,"column":16}},"5":{"start":{"line":78,"column":2},"end":{"line":78,"column":null}},"6":{"start":{"line":78,"column":13},"end":{"line":78,"column":null}},"7":{"start":{"line":79,"column":2},"end":{"line":79,"column":null}},"8":{"start":{"line":83,"column":26},"end":{"line":88,"column":16}},"9":{"start":{"line":90,"column":2},"end":{"line":90,"column":null}},"10":{"start":{"line":90,"column":13},"end":{"line":90,"column":null}},"11":{"start":{"line":91,"column":2},"end":{"line":91,"column":null}},"12":{"start":{"line":95,"column":26},"end":{"line":99,"column":17}},"13":{"start":{"line":101,"column":2},"end":{"line":101,"column":null}},"14":{"start":{"line":101,"column":13},"end":{"line":101,"column":null}},"15":{"start":{"line":102,"column":2},"end":{"line":102,"column":null}},"16":{"start":{"line":106,"column":26},"end":{"line":110,"column":null}},"17":{"start":{"line":112,"column":2},"end":{"line":112,"column":null}},"18":{"start":{"line":112,"column":22},"end":{"line":112,"column":null}},"19":{"start":{"line":113,"column":2},"end":{"line":113,"column":null}},"20":{"start":{"line":117,"column":26},"end":{"line":121,"column":16}},"21":{"start":{"line":123,"column":2},"end":{"line":123,"column":null}},"22":{"start":{"line":123,"column":13},"end":{"line":123,"column":null}},"23":{"start":{"line":124,"column":2},"end":{"line":124,"column":null}},"24":{"start":{"line":133,"column":18},"end":{"line":133,"column":null}},"25":{"start":{"line":134,"column":2},"end":{"line":134,"column":null}},"26":{"start":{"line":134,"column":28},"end":{"line":134,"column":null}},"27":{"start":{"line":137,"column":29},"end":{"line":142,"column":null}},"28":{"start":{"line":145,"column":22},"end":{"line":145,"column":null}},"29":{"start":{"line":145,"column":85},"end":{"line":145,"column":100}},"30":{"start":{"line":147,"column":20},"end":{"line":149,"column":null}},"31":{"start":{"line":148,"column":17},"end":{"line":148,"column":null}},"32":{"start":{"line":149,"column":14},"end":{"line":149,"column":31}},"33":{"start":{"line":151,"column":2},"end":{"line":151,"column":null}},"34":{"start":{"line":151,"column":30},"end":{"line":151,"column":null}},"35":{"start":{"line":153,"column":32},"end":{"line":156,"column":null}},"36":{"start":{"line":158,"column":2},"end":{"line":161,"column":null}},"37":{"start":{"line":170,"column":2},"end":{"line":170,"column":null}},"38":{"start":{"line":170,"column":34},"end":{"line":170,"column":null}},"39":{"start":{"line":172,"column":18},"end":{"line":172,"column":null}},"40":{"start":{"line":172,"column":52},"end":{"line":172,"column":null}},"41":{"start":{"line":174,"column":36},"end":{"line":186,"column":null}},"42":{"start":{"line":189,"column":19},"end":{"line":189,"column":39}},"43":{"start":{"line":190,"column":19},"end":{"line":191,"column":null}},"44":{"start":{"line":191,"column":72},"end":{"line":191,"column":87}},"45":{"start":{"line":194,"column":17},"end":{"line":194,"column":null}},"46":{"start":{"line":195,"column":2},"end":{"line":199,"column":null}},"47":{"start":{"line":196,"column":16},"end":{"line":196,"column":49}},"48":{"start":{"line":197,"column":4},"end":{"line":197,"column":null}},"49":{"start":{"line":198,"column":4},"end":{"line":198,"column":null}},"50":{"start":{"line":201,"column":17},"end":{"line":201,"column":null}},"51":{"start":{"line":202,"column":2},"end":{"line":213,"column":null}},"52":{"start":{"line":203,"column":17},"end":{"line":203,"column":37}},"53":{"start":{"line":204,"column":4},"end":{"line":207,"column":null}},"54":{"start":{"line":205,"column":6},"end":{"line":205,"column":null}},"55":{"start":{"line":206,"column":6},"end":{"line":206,"column":null}},"56":{"start":{"line":208,"column":19},"end":{"line":211,"column":null}},"57":{"start":{"line":209,"column":19},"end":{"line":209,"column":null}},"58":{"start":{"line":210,"column":16},"end":{"line":210,"column":null}},"59":{"start":{"line":211,"column":38},"end":{"line":211,"column":null}},"60":{"start":{"line":212,"column":4},"end":{"line":212,"column":null}},"61":{"start":{"line":214,"column":2},"end":{"line":214,"column":null}}},"fnMap":{"0":{"name":"getCursoAtivo","decl":{"start":{"line":57,"column":22},"end":{"line":57,"column":null}},"loc":{"start":{"line":57,"column":22},"end":{"line":68,"column":null}},"line":57},"1":{"name":"getModulosByCurso","decl":{"start":{"line":70,"column":22},"end":{"line":70,"column":40}},"loc":{"start":{"line":70,"column":55},"end":{"line":80,"column":null}},"line":70},"2":{"name":"getDisciplinasByModulo","decl":{"start":{"line":82,"column":22},"end":{"line":82,"column":45}},"loc":{"start":{"line":82,"column":61},"end":{"line":92,"column":null}},"line":82},"3":{"name":"getAllDisciplinas","decl":{"start":{"line":94,"column":22},"end":{"line":94,"column":null}},"loc":{"start":{"line":94,"column":22},"end":{"line":103,"column":null}},"line":94},"4":{"name":"getDisciplinaById","decl":{"start":{"line":105,"column":22},"end":{"line":105,"column":40}},"loc":{"start":{"line":105,"column":50},"end":{"line":114,"column":null}},"line":105},"5":{"name":"getPrerequisitos","decl":{"start":{"line":116,"column":22},"end":{"line":116,"column":39}},"loc":{"start":{"line":116,"column":59},"end":{"line":125,"column":null}},"line":116},"6":{"name":"verificarPrerequisitos","decl":{"start":{"line":129,"column":22},"end":{"line":129,"column":null}},"loc":{"start":{"line":131,"column":22},"end":{"line":162,"column":null}},"line":131},"7":{"name":"(anonymous_7)","decl":{"start":{"line":145,"column":51},"end":{"line":145,"column":52}},"loc":{"start":{"line":145,"column":85},"end":{"line":145,"column":100}},"line":145},"8":{"name":"(anonymous_8)","decl":{"start":{"line":148,"column":12},"end":{"line":148,"column":17}},"loc":{"start":{"line":148,"column":17},"end":{"line":148,"column":null}},"line":148},"9":{"name":"(anonymous_9)","decl":{"start":{"line":149,"column":9},"end":{"line":149,"column":14}},"loc":{"start":{"line":149,"column":14},"end":{"line":149,"column":31}},"line":149},"10":{"name":"verificarPrerequisitoBatch","decl":{"start":{"line":165,"column":22},"end":{"line":165,"column":null}},"loc":{"start":{"line":168,"column":32},"end":{"line":215,"column":null}},"line":168},"11":{"name":"(anonymous_11)","decl":{"start":{"line":172,"column":47},"end":{"line":172,"column":52}},"loc":{"start":{"line":172,"column":52},"end":{"line":172,"column":null}},"line":172},"12":{"name":"(anonymous_12)","decl":{"start":{"line":191,"column":67},"end":{"line":191,"column":72}},"loc":{"start":{"line":191,"column":72},"end":{"line":191,"column":87}},"line":191},"13":{"name":"(anonymous_13)","decl":{"start":{"line":209,"column":14},"end":{"line":209,"column":19}},"loc":{"start":{"line":209,"column":19},"end":{"line":209,"column":null}},"line":209},"14":{"name":"(anonymous_14)","decl":{"start":{"line":210,"column":11},"end":{"line":210,"column":16}},"loc":{"start":{"line":210,"column":16},"end":{"line":210,"column":null}},"line":210},"15":{"name":"(anonymous_15)","decl":{"start":{"line":211,"column":14},"end":{"line":211,"column":15}},"loc":{"start":{"line":211,"column":38},"end":{"line":211,"column":null}},"line":211}},"branchMap":{"0":{"loc":{"start":{"line":66,"column":2},"end":{"line":66,"column":null}},"type":"if","locations":[{"start":{"line":66,"column":2},"end":{"line":66,"column":null}},{"start":{},"end":{}}],"line":66},"1":{"loc":{"start":{"line":66,"column":6},"end":{"line":66,"column":22}},"type":"binary-expr","locations":[{"start":{"line":66,"column":6},"end":{"line":66,"column":15}},{"start":{"line":66,"column":15},"end":{"line":66,"column":22}}],"line":66},"2":{"loc":{"start":{"line":78,"column":2},"end":{"line":78,"column":null}},"type":"if","locations":[{"start":{"line":78,"column":2},"end":{"line":78,"column":null}},{"start":{},"end":{}}],"line":78},"3":{"loc":{"start":{"line":79,"column":9},"end":{"line":79,"column":33}},"type":"binary-expr","locations":[{"start":{"line":79,"column":9},"end":{"line":79,"column":10}},{"start":{"line":79,"column":31},"end":{"line":79,"column":33}}],"line":79},"4":{"loc":{"start":{"line":90,"column":2},"end":{"line":90,"column":null}},"type":"if","locations":[{"start":{"line":90,"column":2},"end":{"line":90,"column":null}},{"start":{},"end":{}}],"line":90},"5":{"loc":{"start":{"line":91,"column":9},"end":{"line":91,"column":37}},"type":"binary-expr","locations":[{"start":{"line":91,"column":9},"end":{"line":91,"column":10}},{"start":{"line":91,"column":35},"end":{"line":91,"column":37}}],"line":91},"6":{"loc":{"start":{"line":101,"column":2},"end":{"line":101,"column":null}},"type":"if","locations":[{"start":{"line":101,"column":2},"end":{"line":101,"column":null}},{"start":{},"end":{}}],"line":101},"7":{"loc":{"start":{"line":102,"column":9},"end":{"line":102,"column":37}},"type":"binary-expr","locations":[{"start":{"line":102,"column":9},"end":{"line":102,"column":10}},{"start":{"line":102,"column":35},"end":{"line":102,"column":37}}],"line":102},"8":{"loc":{"start":{"line":112,"column":2},"end":{"line":112,"column":null}},"type":"if","locations":[{"start":{"line":112,"column":2},"end":{"line":112,"column":null}},{"start":{},"end":{}}],"line":112},"9":{"loc":{"start":{"line":112,"column":6},"end":{"line":112,"column":22}},"type":"binary-expr","locations":[{"start":{"line":112,"column":6},"end":{"line":112,"column":15}},{"start":{"line":112,"column":15},"end":{"line":112,"column":22}}],"line":112},"10":{"loc":{"start":{"line":123,"column":2},"end":{"line":123,"column":null}},"type":"if","locations":[{"start":{"line":123,"column":2},"end":{"line":123,"column":null}},{"start":{},"end":{}}],"line":123},"11":{"loc":{"start":{"line":124,"column":9},"end":{"line":124,"column":39}},"type":"binary-expr","locations":[{"start":{"line":124,"column":9},"end":{"line":124,"column":10}},{"start":{"line":124,"column":37},"end":{"line":124,"column":39}}],"line":124},"12":{"loc":{"start":{"line":134,"column":2},"end":{"line":134,"column":null}},"type":"if","locations":[{"start":{"line":134,"column":2},"end":{"line":134,"column":null}},{"start":{},"end":{}}],"line":134},"13":{"loc":{"start":{"line":145,"column":31},"end":{"line":145,"column":44}},"type":"binary-expr","locations":[{"start":{"line":145,"column":31},"end":{"line":145,"column":43}},{"start":{"line":145,"column":43},"end":{"line":145,"column":44}}],"line":145},"14":{"loc":{"start":{"line":148,"column":17},"end":{"line":148,"column":null}},"type":"binary-expr","locations":[{"start":{"line":148,"column":17},"end":{"line":148,"column":46}},{"start":{"line":148,"column":46},"end":{"line":148,"column":null}}],"line":148},"15":{"loc":{"start":{"line":151,"column":2},"end":{"line":151,"column":null}},"type":"if","locations":[{"start":{"line":151,"column":2},"end":{"line":151,"column":null}},{"start":{},"end":{}}],"line":151},"16":{"loc":{"start":{"line":160,"column":12},"end":{"line":160,"column":null}},"type":"binary-expr","locations":[{"start":{"line":160,"column":12},"end":{"line":160,"column":13}},{"start":{"line":160,"column":45},"end":{"line":160,"column":null}}],"line":160},"17":{"loc":{"start":{"line":170,"column":2},"end":{"line":170,"column":null}},"type":"if","locations":[{"start":{"line":170,"column":2},"end":{"line":170,"column":null}},{"start":{},"end":{}}],"line":170},"18":{"loc":{"start":{"line":189,"column":19},"end":{"line":189,"column":39}},"type":"binary-expr","locations":[{"start":{"line":189,"column":19},"end":{"line":189,"column":33}},{"start":{"line":189,"column":37},"end":{"line":189,"column":39}}],"line":189},"19":{"loc":{"start":{"line":191,"column":6},"end":{"line":191,"column":28}},"type":"binary-expr","locations":[{"start":{"line":191,"column":6},"end":{"line":191,"column":23}},{"start":{"line":191,"column":27},"end":{"line":191,"column":28}}],"line":191},"20":{"loc":{"start":{"line":196,"column":16},"end":{"line":196,"column":49}},"type":"binary-expr","locations":[{"start":{"line":196,"column":16},"end":{"line":196,"column":47}},{"start":{"line":196,"column":47},"end":{"line":196,"column":49}}],"line":196},"21":{"loc":{"start":{"line":203,"column":17},"end":{"line":203,"column":37}},"type":"binary-expr","locations":[{"start":{"line":203,"column":17},"end":{"line":203,"column":35}},{"start":{"line":203,"column":35},"end":{"line":203,"column":37}}],"line":203},"22":{"loc":{"start":{"line":204,"column":4},"end":{"line":207,"column":null}},"type":"if","locations":[{"start":{"line":204,"column":4},"end":{"line":207,"column":null}},{"start":{},"end":{}}],"line":204},"23":{"loc":{"start":{"line":209,"column":19},"end":{"line":209,"column":null}},"type":"binary-expr","locations":[{"start":{"line":209,"column":19},"end":{"line":209,"column":48}},{"start":{"line":209,"column":48},"end":{"line":209,"column":null}}],"line":209}},"s":{"0":2,"1":2,"2":1,"3":1,"4":2,"5":2,"6":1,"7":1,"8":2,"9":2,"10":1,"11":1,"12":2,"13":2,"14":1,"15":1,"16":2,"17":2,"18":1,"19":1,"20":5,"21":5,"22":0,"23":5,"24":3,"25":3,"26":1,"27":2,"28":2,"29":2,"30":3,"31":3,"32":1,"33":3,"34":1,"35":1,"36":1,"37":3,"38":1,"39":2,"40":3,"41":2,"42":2,"43":3,"44":0,"45":3,"46":3,"47":1,"48":1,"49":1,"50":2,"51":2,"52":2,"53":2,"54":1,"55":1,"56":1,"57":1,"58":1,"59":1,"60":1,"61":2},"f":{"0":2,"1":2,"2":2,"3":2,"4":2,"5":5,"6":3,"7":2,"8":3,"9":1,"10":3,"11":3,"12":0,"13":1,"14":1,"15":1},"b":{"0":[1,1],"1":[2,1],"2":[1,1],"3":[1,0],"4":[1,1],"5":[1,0],"6":[1,1],"7":[1,0],"8":[1,1],"9":[2,1],"10":[0,5],"11":[5,0],"12":[1,2],"13":[2,0],"14":[3,3],"15":[1,2],"16":[1,0],"17":[1,2],"18":[2,0],"19":[3,0],"20":[1,1],"21":[2,1],"22":[1,1],"23":[1,1]},"meta":{"lastBranch":24,"lastFunction":16,"lastStatement":62,"seen":{"f:57:22:57:Infinity":0,"s:58:26:64:Infinity":0,"b:66:2:66:Infinity:undefined:undefined:undefined:undefined":0,"s:66:2:66:Infinity":1,"b:66:6:66:15:66:15:66:22":1,"s:66:22:66:Infinity":2,"s:67:2:67:Infinity":3,"f:70:22:70:40":1,"s:71:26:76:16":4,"b:78:2:78:Infinity:undefined:undefined:undefined:undefined":2,"s:78:2:78:Infinity":5,"s:78:13:78:Infinity":6,"s:79:2:79:Infinity":7,"b:79:9:79:10:79:31:79:33":3,"f:82:22:82:45":2,"s:83:26:88:16":8,"b:90:2:90:Infinity:undefined:undefined:undefined:undefined":4,"s:90:2:90:Infinity":9,"s:90:13:90:Infinity":10,"s:91:2:91:Infinity":11,"b:91:9:91:10:91:35:91:37":5,"f:94:22:94:Infinity":3,"s:95:26:99:17":12,"b:101:2:101:Infinity:undefined:undefined:undefined:undefined":6,"s:101:2:101:Infinity":13,"s:101:13:101:Infinity":14,"s:102:2:102:Infinity":15,"b:102:9:102:10:102:35:102:37":7,"f:105:22:105:40":4,"s:106:26:110:Infinity":16,"b:112:2:112:Infinity:undefined:undefined:undefined:undefined":8,"s:112:2:112:Infinity":17,"b:112:6:112:15:112:15:112:22":9,"s:112:22:112:Infinity":18,"s:113:2:113:Infinity":19,"f:116:22:116:39":5,"s:117:26:121:16":20,"b:123:2:123:Infinity:undefined:undefined:undefined:undefined":10,"s:123:2:123:Infinity":21,"s:123:13:123:Infinity":22,"s:124:2:124:Infinity":23,"b:124:9:124:10:124:37:124:39":11,"f:129:22:129:Infinity":6,"s:133:18:133:Infinity":24,"b:134:2:134:Infinity:undefined:undefined:undefined:undefined":12,"s:134:2:134:Infinity":25,"s:134:28:134:Infinity":26,"s:137:29:142:Infinity":27,"s:145:22:145:Infinity":28,"b:145:31:145:43:145:43:145:44":13,"f:145:51:145:52":7,"s:145:85:145:100":29,"s:147:20:149:Infinity":30,"f:148:12:148:17":8,"s:148:17:148:Infinity":31,"b:148:17:148:46:148:46:148:Infinity":14,"f:149:9:149:14":9,"s:149:14:149:31":32,"b:151:2:151:Infinity:undefined:undefined:undefined:undefined":15,"s:151:2:151:Infinity":33,"s:151:30:151:Infinity":34,"s:153:32:156:Infinity":35,"s:158:2:161:Infinity":36,"b:160:12:160:13:160:45:160:Infinity":16,"f:165:22:165:Infinity":10,"b:170:2:170:Infinity:undefined:undefined:undefined:undefined":17,"s:170:2:170:Infinity":37,"s:170:34:170:Infinity":38,"s:172:18:172:Infinity":39,"f:172:47:172:52":11,"s:172:52:172:Infinity":40,"s:174:36:186:Infinity":41,"s:189:19:189:39":42,"b:189:19:189:33:189:37:189:39":18,"s:190:19:191:Infinity":43,"b:191:6:191:23:191:27:191:28":19,"f:191:67:191:72":12,"s:191:72:191:87":44,"s:194:17:194:Infinity":45,"s:195:2:199:Infinity":46,"s:196:16:196:49":47,"b:196:16:196:47:196:47:196:49":20,"s:197:4:197:Infinity":48,"s:198:4:198:Infinity":49,"s:201:17:201:Infinity":50,"s:202:2:213:Infinity":51,"s:203:17:203:37":52,"b:203:17:203:35:203:35:203:37":21,"b:204:4:207:Infinity:undefined:undefined:undefined:undefined":22,"s:204:4:207:Infinity":53,"s:205:6:205:Infinity":54,"s:206:6:206:Infinity":55,"s:208:19:211:Infinity":56,"f:209:14:209:19":13,"s:209:19:209:Infinity":57,"b:209:19:209:48:209:48:209:Infinity":23,"f:210:11:210:16":14,"s:210:16:210:Infinity":58,"f:211:14:211:15":15,"s:211:38:211:Infinity":59,"s:212:4:212:Infinity":60,"s:214:2:214:Infinity":61}}}
,"E:\\_HELIOJR\\ITEC\\itec-ead\\src\\services\\auth.service.ts": {"path":"E:\\_HELIOJR\\ITEC\\itec-ead\\src\\services\\auth.service.ts","statementMap":{"0":{"start":{"line":3,"column":44},"end":{"line":8,"column":null}},"1":{"start":{"line":11,"column":2},"end":{"line":11,"column":null}},"2":{"start":{"line":20,"column":20},"end":{"line":20,"column":null}},"3":{"start":{"line":21,"column":2},"end":{"line":21,"column":null}},"4":{"start":{"line":21,"column":13},"end":{"line":21,"column":null}},"5":{"start":{"line":22,"column":2},"end":{"line":22,"column":null}},"6":{"start":{"line":26,"column":20},"end":{"line":29,"column":null}},"7":{"start":{"line":30,"column":2},"end":{"line":30,"column":null}},"8":{"start":{"line":30,"column":13},"end":{"line":30,"column":null}},"9":{"start":{"line":31,"column":2},"end":{"line":31,"column":null}},"10":{"start":{"line":39,"column":20},"end":{"line":43,"column":null}},"11":{"start":{"line":44,"column":2},"end":{"line":44,"column":null}},"12":{"start":{"line":44,"column":13},"end":{"line":44,"column":null}},"13":{"start":{"line":45,"column":2},"end":{"line":45,"column":null}},"14":{"start":{"line":49,"column":2},"end":{"line":49,"column":null}},"15":{"start":{"line":50,"column":2},"end":{"line":50,"column":null}},"16":{"start":{"line":54,"column":20},"end":{"line":56,"column":null}},"17":{"start":{"line":57,"column":2},"end":{"line":57,"column":null}},"18":{"start":{"line":57,"column":13},"end":{"line":57,"column":null}},"19":{"start":{"line":58,"column":2},"end":{"line":58,"column":null}},"20":{"start":{"line":62,"column":26},"end":{"line":62,"column":null}},"21":{"start":{"line":63,"column":2},"end":{"line":63,"column":null}},"22":{"start":{"line":63,"column":13},"end":{"line":63,"column":null}},"23":{"start":{"line":64,"column":2},"end":{"line":64,"column":null}}},"fnMap":{"0":{"name":"traduzirErro","decl":{"start":{"line":10,"column":9},"end":{"line":10,"column":22}},"loc":{"start":{"line":10,"column":37},"end":{"line":12,"column":null}},"line":10},"1":{"name":"signInWithPassword","decl":{"start":{"line":19,"column":22},"end":{"line":19,"column":41}},"loc":{"start":{"line":19,"column":72},"end":{"line":23,"column":null}},"line":19},"2":{"name":"signInWithGoogle","decl":{"start":{"line":25,"column":22},"end":{"line":25,"column":null}},"loc":{"start":{"line":25,"column":22},"end":{"line":32,"column":null}},"line":25},"3":{"name":"signUpWithEmail","decl":{"start":{"line":34,"column":22},"end":{"line":34,"column":null}},"loc":{"start":{"line":37,"column":18},"end":{"line":46,"column":null}},"line":37},"4":{"name":"signOut","decl":{"start":{"line":48,"column":22},"end":{"line":48,"column":null}},"loc":{"start":{"line":48,"column":22},"end":{"line":51,"column":null}},"line":48},"5":{"name":"resetPasswordForEmail","decl":{"start":{"line":53,"column":22},"end":{"line":53,"column":44}},"loc":{"start":{"line":53,"column":57},"end":{"line":59,"column":null}},"line":53},"6":{"name":"getSession","decl":{"start":{"line":61,"column":22},"end":{"line":61,"column":null}},"loc":{"start":{"line":61,"column":22},"end":{"line":65,"column":null}},"line":61}},"branchMap":{"0":{"loc":{"start":{"line":11,"column":9},"end":{"line":11,"column":null}},"type":"binary-expr","locations":[{"start":{"line":11,"column":9},"end":{"line":11,"column":29}},{"start":{"line":11,"column":33},"end":{"line":11,"column":null}}],"line":11},"1":{"loc":{"start":{"line":21,"column":2},"end":{"line":21,"column":null}},"type":"if","locations":[{"start":{"line":21,"column":2},"end":{"line":21,"column":null}},{"start":{},"end":{}}],"line":21},"2":{"loc":{"start":{"line":30,"column":2},"end":{"line":30,"column":null}},"type":"if","locations":[{"start":{"line":30,"column":2},"end":{"line":30,"column":null}},{"start":{},"end":{}}],"line":30},"3":{"loc":{"start":{"line":44,"column":2},"end":{"line":44,"column":null}},"type":"if","locations":[{"start":{"line":44,"column":2},"end":{"line":44,"column":null}},{"start":{},"end":{}}],"line":44},"4":{"loc":{"start":{"line":57,"column":2},"end":{"line":57,"column":null}},"type":"if","locations":[{"start":{"line":57,"column":2},"end":{"line":57,"column":null}},{"start":{},"end":{}}],"line":57},"5":{"loc":{"start":{"line":63,"column":2},"end":{"line":63,"column":null}},"type":"if","locations":[{"start":{"line":63,"column":2},"end":{"line":63,"column":null}},{"start":{},"end":{}}],"line":63}},"s":{"0":1,"1":3,"2":4,"3":4,"4":3,"5":1,"6":0,"7":0,"8":0,"9":0,"10":0,"11":0,"12":0,"13":0,"14":2,"15":2,"16":1,"17":1,"18":0,"19":1,"20":0,"21":0,"22":0,"23":0},"f":{"0":3,"1":4,"2":0,"3":0,"4":2,"5":1,"6":0},"b":{"0":[3,1],"1":[3,1],"2":[0,0],"3":[0,0],"4":[0,1],"5":[0,0]},"meta":{"lastBranch":6,"lastFunction":7,"lastStatement":24,"seen":{"s:3:44:8:Infinity":0,"f:10:9:10:22":0,"s:11:2:11:Infinity":1,"b:11:9:11:29:11:33:11:Infinity":0,"f:19:22:19:41":1,"s:20:20:20:Infinity":2,"b:21:2:21:Infinity:undefined:undefined:undefined:undefined":1,"s:21:2:21:Infinity":3,"s:21:13:21:Infinity":4,"s:22:2:22:Infinity":5,"f:25:22:25:Infinity":2,"s:26:20:29:Infinity":6,"b:30:2:30:Infinity:undefined:undefined:undefined:undefined":2,"s:30:2:30:Infinity":7,"s:30:13:30:Infinity":8,"s:31:2:31:Infinity":9,"f:34:22:34:Infinity":3,"s:39:20:43:Infinity":10,"b:44:2:44:Infinity:undefined:undefined:undefined:undefined":3,"s:44:2:44:Infinity":11,"s:44:13:44:Infinity":12,"s:45:2:45:Infinity":13,"f:48:22:48:Infinity":4,"s:49:2:49:Infinity":14,"s:50:2:50:Infinity":15,"f:53:22:53:44":5,"s:54:20:56:Infinity":16,"b:57:2:57:Infinity:undefined:undefined:undefined:undefined":4,"s:57:2:57:Infinity":17,"s:57:13:57:Infinity":18,"s:58:2:58:Infinity":19,"f:61:22:61:Infinity":6,"s:62:26:62:Infinity":20,"b:63:2:63:Infinity:undefined:undefined:undefined:undefined":5,"s:63:2:63:Infinity":21,"s:63:13:63:Infinity":22,"s:64:2:64:Infinity":23}}}
,"E:\\_HELIOJR\\ITEC\\itec-ead\\src\\services\\avisos.service.ts": {"path":"E:\\_HELIOJR\\ITEC\\itec-ead\\src\\services\\avisos.service.ts","statementMap":{"0":{"start":{"line":35,"column":26},"end":{"line":40,"column":null}},"1":{"start":{"line":42,"column":2},"end":{"line":45,"column":null}},"2":{"start":{"line":43,"column":20},"end":{"line":43,"column":null}},"3":{"start":{"line":44,"column":4},"end":{"line":44,"column":null}},"4":{"start":{"line":47,"column":2},"end":{"line":47,"column":null}},"5":{"start":{"line":52,"column":20},"end":{"line":52,"column":null}},"6":{"start":{"line":53,"column":2},"end":{"line":53,"column":null}},"7":{"start":{"line":53,"column":13},"end":{"line":53,"column":null}},"8":{"start":{"line":54,"column":2},"end":{"line":54,"column":null}},"9":{"start":{"line":70,"column":20},"end":{"line":70,"column":null}},"10":{"start":{"line":71,"column":2},"end":{"line":71,"column":null}},"11":{"start":{"line":71,"column":13},"end":{"line":71,"column":null}},"12":{"start":{"line":72,"column":2},"end":{"line":72,"column":null}},"13":{"start":{"line":77,"column":20},"end":{"line":77,"column":null}},"14":{"start":{"line":78,"column":2},"end":{"line":78,"column":null}},"15":{"start":{"line":78,"column":13},"end":{"line":78,"column":null}},"16":{"start":{"line":79,"column":2},"end":{"line":79,"column":null}}},"fnMap":{"0":{"name":"getAvisos","decl":{"start":{"line":34,"column":22},"end":{"line":34,"column":null}},"loc":{"start":{"line":34,"column":22},"end":{"line":48,"column":null}},"line":34},"1":{"name":"createAviso","decl":{"start":{"line":51,"column":22},"end":{"line":51,"column":34}},"loc":{"start":{"line":51,"column":61},"end":{"line":55,"column":null}},"line":51},"2":{"name":"updateAviso","decl":{"start":{"line":66,"column":22},"end":{"line":66,"column":null}},"loc":{"start":{"line":68,"column":27},"end":{"line":73,"column":null}},"line":68},"3":{"name":"deleteAviso","decl":{"start":{"line":76,"column":22},"end":{"line":76,"column":34}},"loc":{"start":{"line":76,"column":44},"end":{"line":80,"column":null}},"line":76}},"branchMap":{"0":{"loc":{"start":{"line":42,"column":2},"end":{"line":45,"column":null}},"type":"if","locations":[{"start":{"line":42,"column":2},"end":{"line":45,"column":null}},{"start":{},"end":{}}],"line":42},"1":{"loc":{"start":{"line":43,"column":20},"end":{"line":43,"column":null}},"type":"binary-expr","locations":[{"start":{"line":43,"column":20},"end":{"line":43,"column":64}},{"start":{"line":43,"column":64},"end":{"line":43,"column":null}}],"line":43},"2":{"loc":{"start":{"line":47,"column":17},"end":{"line":47,"column":40}},"type":"binary-expr","locations":[{"start":{"line":47,"column":17},"end":{"line":47,"column":18}},{"start":{"line":47,"column":38},"end":{"line":47,"column":40}}],"line":47},"3":{"loc":{"start":{"line":53,"column":2},"end":{"line":53,"column":null}},"type":"if","locations":[{"start":{"line":53,"column":2},"end":{"line":53,"column":null}},{"start":{},"end":{}}],"line":53},"4":{"loc":{"start":{"line":71,"column":2},"end":{"line":71,"column":null}},"type":"if","locations":[{"start":{"line":71,"column":2},"end":{"line":71,"column":null}},{"start":{},"end":{}}],"line":71},"5":{"loc":{"start":{"line":78,"column":2},"end":{"line":78,"column":null}},"type":"if","locations":[{"start":{"line":78,"column":2},"end":{"line":78,"column":null}},{"start":{},"end":{}}],"line":78}},"s":{"0":3,"1":3,"2":2,"3":2,"4":1,"5":2,"6":2,"7":1,"8":1,"9":0,"10":0,"11":0,"12":0,"13":0,"14":0,"15":0,"16":0},"f":{"0":3,"1":2,"2":0,"3":0},"b":{"0":[2,1],"1":[2,1],"2":[1,0],"3":[1,1],"4":[0,0],"5":[0,0]},"meta":{"lastBranch":6,"lastFunction":4,"lastStatement":17,"seen":{"f:34:22:34:Infinity":0,"s:35:26:40:Infinity":0,"b:42:2:45:Infinity:undefined:undefined:undefined:undefined":0,"s:42:2:45:Infinity":1,"s:43:20:43:Infinity":2,"b:43:20:43:64:43:64:43:Infinity":1,"s:44:4:44:Infinity":3,"s:47:2:47:Infinity":4,"b:47:17:47:18:47:38:47:40":2,"f:51:22:51:34":1,"s:52:20:52:Infinity":5,"b:53:2:53:Infinity:undefined:undefined:undefined:undefined":3,"s:53:2:53:Infinity":6,"s:53:13:53:Infinity":7,"s:54:2:54:Infinity":8,"f:66:22:66:Infinity":2,"s:70:20:70:Infinity":9,"b:71:2:71:Infinity:undefined:undefined:undefined:undefined":4,"s:71:2:71:Infinity":10,"s:71:13:71:Infinity":11,"s:72:2:72:Infinity":12,"f:76:22:76:34":3,"s:77:20:77:Infinity":13,"b:78:2:78:Infinity:undefined:undefined:undefined:undefined":5,"s:78:2:78:Infinity":14,"s:78:13:78:Infinity":15,"s:79:2:79:Infinity":16}}}
,"E:\\_HELIOJR\\ITEC\\itec-ead\\src\\services\\cursos.service.ts": {"path":"E:\\_HELIOJR\\ITEC\\itec-ead\\src\\services\\cursos.service.ts","statementMap":{"0":{"start":{"line":33,"column":26},"end":{"line":37,"column":null}},"1":{"start":{"line":39,"column":2},"end":{"line":39,"column":null}},"2":{"start":{"line":39,"column":13},"end":{"line":39,"column":null}},"3":{"start":{"line":40,"column":2},"end":{"line":40,"column":null}},"4":{"start":{"line":45,"column":26},"end":{"line":47,"column":null}},"5":{"start":{"line":49,"column":2},"end":{"line":49,"column":null}},"6":{"start":{"line":49,"column":13},"end":{"line":49,"column":null}},"7":{"start":{"line":50,"column":2},"end":{"line":50,"column":null}},"8":{"start":{"line":58,"column":20},"end":{"line":61,"column":null}},"9":{"start":{"line":63,"column":2},"end":{"line":63,"column":null}},"10":{"start":{"line":63,"column":13},"end":{"line":63,"column":null}},"11":{"start":{"line":64,"column":2},"end":{"line":64,"column":null}},"12":{"start":{"line":76,"column":47},"end":{"line":79,"column":null}},"13":{"start":{"line":81,"column":2},"end":{"line":83,"column":null}},"14":{"start":{"line":82,"column":4},"end":{"line":82,"column":null}},"15":{"start":{"line":86,"column":33},"end":{"line":89,"column":null}},"16":{"start":{"line":91,"column":2},"end":{"line":93,"column":null}},"17":{"start":{"line":92,"column":4},"end":{"line":92,"column":null}},"18":{"start":{"line":96,"column":2},"end":{"line":110,"column":null}},"19":{"start":{"line":97,"column":35},"end":{"line":99,"column":null}},"20":{"start":{"line":101,"column":4},"end":{"line":109,"column":null}},"21":{"start":{"line":103,"column":6},"end":{"line":107,"column":null}},"22":{"start":{"line":104,"column":8},"end":{"line":106,"column":null}},"23":{"start":{"line":108,"column":6},"end":{"line":108,"column":null}},"24":{"start":{"line":112,"column":2},"end":{"line":112,"column":null}}},"fnMap":{"0":{"name":"getDisciplinas","decl":{"start":{"line":32,"column":22},"end":{"line":32,"column":null}},"loc":{"start":{"line":32,"column":22},"end":{"line":41,"column":null}},"line":32},"1":{"name":"getPrerequisitos","decl":{"start":{"line":44,"column":22},"end":{"line":44,"column":null}},"loc":{"start":{"line":44,"column":22},"end":{"line":51,"column":null}},"line":44},"2":{"name":"updateDisciplina","decl":{"start":{"line":54,"column":22},"end":{"line":54,"column":null}},"loc":{"start":{"line":56,"column":25},"end":{"line":65,"column":null}},"line":56},"3":{"name":"syncPrerequisitos","decl":{"start":{"line":70,"column":22},"end":{"line":70,"column":null}},"loc":{"start":{"line":72,"column":30},"end":{"line":113,"column":null}},"line":72}},"branchMap":{"0":{"loc":{"start":{"line":39,"column":2},"end":{"line":39,"column":null}},"type":"if","locations":[{"start":{"line":39,"column":2},"end":{"line":39,"column":null}},{"start":{},"end":{}}],"line":39},"1":{"loc":{"start":{"line":40,"column":9},"end":{"line":40,"column":37}},"type":"binary-expr","locations":[{"start":{"line":40,"column":9},"end":{"line":40,"column":10}},{"start":{"line":40,"column":35},"end":{"line":40,"column":37}}],"line":40},"2":{"loc":{"start":{"line":49,"column":2},"end":{"line":49,"column":null}},"type":"if","locations":[{"start":{"line":49,"column":2},"end":{"line":49,"column":null}},{"start":{},"end":{}}],"line":49},"3":{"loc":{"start":{"line":50,"column":9},"end":{"line":50,"column":39}},"type":"binary-expr","locations":[{"start":{"line":50,"column":9},"end":{"line":50,"column":10}},{"start":{"line":50,"column":37},"end":{"line":50,"column":39}}],"line":50},"4":{"loc":{"start":{"line":63,"column":2},"end":{"line":63,"column":null}},"type":"if","locations":[{"start":{"line":63,"column":2},"end":{"line":63,"column":null}},{"start":{},"end":{}}],"line":63},"5":{"loc":{"start":{"line":81,"column":2},"end":{"line":83,"column":null}},"type":"if","locations":[{"start":{"line":81,"column":2},"end":{"line":83,"column":null}},{"start":{},"end":{}}],"line":81},"6":{"loc":{"start":{"line":91,"column":2},"end":{"line":93,"column":null}},"type":"if","locations":[{"start":{"line":91,"column":2},"end":{"line":93,"column":null}},{"start":{},"end":{}}],"line":91},"7":{"loc":{"start":{"line":96,"column":2},"end":{"line":110,"column":null}},"type":"if","locations":[{"start":{"line":96,"column":2},"end":{"line":110,"column":null}},{"start":{},"end":{}}],"line":96},"8":{"loc":{"start":{"line":101,"column":4},"end":{"line":109,"column":null}},"type":"if","locations":[{"start":{"line":101,"column":4},"end":{"line":109,"column":null}},{"start":{},"end":{}}],"line":101},"9":{"loc":{"start":{"line":103,"column":6},"end":{"line":107,"column":null}},"type":"if","locations":[{"start":{"line":103,"column":6},"end":{"line":107,"column":null}},{"start":{},"end":{}}],"line":103},"10":{"loc":{"start":{"line":103,"column":10},"end":{"line":103,"column":39}},"type":"binary-expr","locations":[{"start":{"line":103,"column":10},"end":{"line":103,"column":20}},{"start":{"line":103,"column":20},"end":{"line":103,"column":39}}],"line":103}},"s":{"0":2,"1":2,"2":1,"3":1,"4":0,"5":0,"6":0,"7":0,"8":0,"9":0,"10":0,"11":0,"12":4,"13":4,"14":1,"15":3,"16":3,"17":1,"18":2,"19":2,"20":2,"21":1,"22":1,"23":1,"24":1},"f":{"0":2,"1":0,"2":0,"3":4},"b":{"0":[1,1],"1":[1,0],"2":[0,0],"3":[0,0],"4":[0,0],"5":[1,3],"6":[1,2],"7":[2,0],"8":[1,1],"9":[1,0],"10":[1,1]},"meta":{"lastBranch":11,"lastFunction":4,"lastStatement":25,"seen":{"f:32:22:32:Infinity":0,"s:33:26:37:Infinity":0,"b:39:2:39:Infinity:undefined:undefined:undefined:undefined":0,"s:39:2:39:Infinity":1,"s:39:13:39:Infinity":2,"s:40:2:40:Infinity":3,"b:40:9:40:10:40:35:40:37":1,"f:44:22:44:Infinity":1,"s:45:26:47:Infinity":4,"b:49:2:49:Infinity:undefined:undefined:undefined:undefined":2,"s:49:2:49:Infinity":5,"s:49:13:49:Infinity":6,"s:50:2:50:Infinity":7,"b:50:9:50:10:50:37:50:39":3,"f:54:22:54:Infinity":2,"s:58:20:61:Infinity":8,"b:63:2:63:Infinity:undefined:undefined:undefined:undefined":4,"s:63:2:63:Infinity":9,"s:63:13:63:Infinity":10,"s:64:2:64:Infinity":11,"f:70:22:70:Infinity":3,"s:76:47:79:Infinity":12,"b:81:2:83:Infinity:undefined:undefined:undefined:undefined":5,"s:81:2:83:Infinity":13,"s:82:4:82:Infinity":14,"s:86:33:89:Infinity":15,"b:91:2:93:Infinity:undefined:undefined:undefined:undefined":6,"s:91:2:93:Infinity":16,"s:92:4:92:Infinity":17,"b:96:2:110:Infinity:undefined:undefined:undefined:undefined":7,"s:96:2:110:Infinity":18,"s:97:35:99:Infinity":19,"b:101:4:109:Infinity:undefined:undefined:undefined:undefined":8,"s:101:4:109:Infinity":20,"b:103:6:107:Infinity:undefined:undefined:undefined:undefined":9,"s:103:6:107:Infinity":21,"b:103:10:103:20:103:20:103:39":10,"s:104:8:106:Infinity":22,"s:108:6:108:Infinity":23,"s:112:2:112:Infinity":24}}}
,"E:\\_HELIOJR\\ITEC\\itec-ead\\src\\services\\dashboard.service.ts": {"path":"E:\\_HELIOJR\\ITEC\\itec-ead\\src\\services\\dashboard.service.ts","statementMap":{"0":{"start":{"line":35,"column":39},"end":{"line":40,"column":null}},"1":{"start":{"line":42,"column":2},"end":{"line":47,"column":null}},"2":{"start":{"line":61,"column":15},"end":{"line":61,"column":null}},"3":{"start":{"line":62,"column":15},"end":{"line":62,"column":null}},"4":{"start":{"line":64,"column":14},"end":{"line":68,"column":null}},"5":{"start":{"line":70,"column":2},"end":{"line":74,"column":null}},"6":{"start":{"line":71,"column":4},"end":{"line":72,"column":null}},"7":{"start":{"line":76,"column":33},"end":{"line":76,"column":null}},"8":{"start":{"line":78,"column":2},"end":{"line":78,"column":null}},"9":{"start":{"line":78,"column":13},"end":{"line":78,"column":null}},"10":{"start":{"line":79,"column":2},"end":{"line":79,"column":null}},"11":{"start":{"line":84,"column":19},"end":{"line":88,"column":null}},"12":{"start":{"line":89,"column":2},"end":{"line":89,"column":null}},"13":{"start":{"line":94,"column":19},"end":{"line":98,"column":null}},"14":{"start":{"line":99,"column":2},"end":{"line":99,"column":null}},"15":{"start":{"line":104,"column":19},"end":{"line":104,"column":null}},"16":{"start":{"line":105,"column":2},"end":{"line":105,"column":null}},"17":{"start":{"line":105,"column":13},"end":{"line":105,"column":null}},"18":{"start":{"line":107,"column":41},"end":{"line":107,"column":null}},"19":{"start":{"line":108,"column":2},"end":{"line":108,"column":null}},"20":{"start":{"line":108,"column":22},"end":{"line":108,"column":88}},"21":{"start":{"line":110,"column":2},"end":{"line":110,"column":null}},"22":{"start":{"line":110,"column":57},"end":{"line":110,"column":null}}},"fnMap":{"0":{"name":"getKpis","decl":{"start":{"line":34,"column":22},"end":{"line":34,"column":null}},"loc":{"start":{"line":34,"column":22},"end":{"line":48,"column":null}},"line":34},"1":{"name":"getLeadsPaginados","decl":{"start":{"line":56,"column":22},"end":{"line":56,"column":null}},"loc":{"start":{"line":59,"column":13},"end":{"line":80,"column":null}},"line":59},"2":{"name":"getLeadsRecentes","decl":{"start":{"line":83,"column":22},"end":{"line":83,"column":39}},"loc":{"start":{"line":83,"column":48},"end":{"line":90,"column":null}},"line":83},"3":{"name":"getMatriculasRecentes","decl":{"start":{"line":93,"column":22},"end":{"line":93,"column":44}},"loc":{"start":{"line":93,"column":53},"end":{"line":100,"column":null}},"line":93},"4":{"name":"getLeadsPorCurso","decl":{"start":{"line":103,"column":22},"end":{"line":103,"column":null}},"loc":{"start":{"line":103,"column":22},"end":{"line":111,"column":null}},"line":103},"5":{"name":"(anonymous_5)","decl":{"start":{"line":108,"column":15},"end":{"line":108,"column":22}},"loc":{"start":{"line":108,"column":15},"end":{"line":108,"column":null}},"line":108},"6":{"name":"(anonymous_6)","decl":{"start":{"line":110,"column":36},"end":{"line":110,"column":37}},"loc":{"start":{"line":110,"column":57},"end":{"line":110,"column":null}},"line":110}},"branchMap":{"0":{"loc":{"start":{"line":43,"column":17},"end":{"line":43,"column":null}},"type":"binary-expr","locations":[{"start":{"line":43,"column":17},"end":{"line":43,"column":29}},{"start":{"line":43,"column":38},"end":{"line":43,"column":null}}],"line":43},"1":{"loc":{"start":{"line":44,"column":17},"end":{"line":44,"column":null}},"type":"binary-expr","locations":[{"start":{"line":44,"column":17},"end":{"line":44,"column":28}},{"start":{"line":44,"column":38},"end":{"line":44,"column":null}}],"line":44},"2":{"loc":{"start":{"line":45,"column":17},"end":{"line":45,"column":null}},"type":"binary-expr","locations":[{"start":{"line":45,"column":17},"end":{"line":45,"column":28}},{"start":{"line":45,"column":38},"end":{"line":45,"column":null}}],"line":45},"3":{"loc":{"start":{"line":46,"column":17},"end":{"line":46,"column":null}},"type":"binary-expr","locations":[{"start":{"line":46,"column":17},"end":{"line":46,"column":27}},{"start":{"line":46,"column":38},"end":{"line":46,"column":null}}],"line":46},"4":{"loc":{"start":{"line":57,"column":2},"end":{"line":57,"column":12}},"type":"default-arg","locations":[{"start":{"line":57,"column":10},"end":{"line":57,"column":12}}],"line":57},"5":{"loc":{"start":{"line":58,"column":2},"end":{"line":58,"column":10}},"type":"default-arg","locations":[{"start":{"line":58,"column":9},"end":{"line":58,"column":10}}],"line":58},"6":{"loc":{"start":{"line":59,"column":2},"end":{"line":59,"column":13}},"type":"default-arg","locations":[{"start":{"line":59,"column":11},"end":{"line":59,"column":13}}],"line":59},"7":{"loc":{"start":{"line":70,"column":2},"end":{"line":74,"column":null}},"type":"if","locations":[{"start":{"line":70,"column":2},"end":{"line":74,"column":null}},{"start":{},"end":{}}],"line":70},"8":{"loc":{"start":{"line":78,"column":2},"end":{"line":78,"column":null}},"type":"if","locations":[{"start":{"line":78,"column":2},"end":{"line":78,"column":null}},{"start":{},"end":{}}],"line":78},"9":{"loc":{"start":{"line":79,"column":17},"end":{"line":79,"column":46}},"type":"binary-expr","locations":[{"start":{"line":79,"column":17},"end":{"line":79,"column":18}},{"start":{"line":79,"column":44},"end":{"line":79,"column":46}}],"line":79},"10":{"loc":{"start":{"line":79,"column":55},"end":{"line":79,"column":66}},"type":"binary-expr","locations":[{"start":{"line":79,"column":55},"end":{"line":79,"column":64}},{"start":{"line":79,"column":64},"end":{"line":79,"column":66}}],"line":79},"11":{"loc":{"start":{"line":83,"column":39},"end":{"line":83,"column":48}},"type":"default-arg","locations":[{"start":{"line":83,"column":47},"end":{"line":83,"column":48}}],"line":83},"12":{"loc":{"start":{"line":89,"column":9},"end":{"line":89,"column":38}},"type":"binary-expr","locations":[{"start":{"line":89,"column":9},"end":{"line":89,"column":10}},{"start":{"line":89,"column":36},"end":{"line":89,"column":38}}],"line":89},"13":{"loc":{"start":{"line":93,"column":44},"end":{"line":93,"column":53}},"type":"default-arg","locations":[{"start":{"line":93,"column":52},"end":{"line":93,"column":53}}],"line":93},"14":{"loc":{"start":{"line":99,"column":9},"end":{"line":99,"column":43}},"type":"binary-expr","locations":[{"start":{"line":99,"column":9},"end":{"line":99,"column":10}},{"start":{"line":99,"column":41},"end":{"line":99,"column":43}}],"line":99},"15":{"loc":{"start":{"line":105,"column":2},"end":{"line":105,"column":null}},"type":"if","locations":[{"start":{"line":105,"column":2},"end":{"line":105,"column":null}},{"start":{},"end":{}}],"line":105},"16":{"loc":{"start":{"line":108,"column":51},"end":{"line":108,"column":85}},"type":"binary-expr","locations":[{"start":{"line":108,"column":51},"end":{"line":108,"column":76}},{"start":{"line":108,"column":80},"end":{"line":108,"column":85}}],"line":108}},"s":{"0":2,"1":2,"2":0,"3":0,"4":0,"5":0,"6":0,"7":0,"8":0,"9":0,"10":0,"11":0,"12":0,"13":0,"14":0,"15":2,"16":2,"17":1,"18":1,"19":1,"20":3,"21":1,"22":2},"f":{"0":2,"1":0,"2":0,"3":0,"4":2,"5":3,"6":2},"b":{"0":[2,1],"1":[2,1],"2":[2,1],"3":[2,1],"4":[0],"5":[0],"6":[0],"7":[0,0],"8":[0,0],"9":[0,0],"10":[0,0],"11":[0],"12":[0,0],"13":[0],"14":[0,0],"15":[1,1],"16":[3,2]},"meta":{"lastBranch":17,"lastFunction":7,"lastStatement":23,"seen":{"f:34:22:34:Infinity":0,"s:35:39:40:Infinity":0,"s:42:2:47:Infinity":1,"b:43:17:43:29:43:38:43:Infinity":0,"b:44:17:44:28:44:38:44:Infinity":1,"b:45:17:45:28:45:38:45:Infinity":2,"b:46:17:46:27:46:38:46:Infinity":3,"f:56:22:56:Infinity":1,"b:57:10:57:12":4,"b:58:9:58:10":5,"b:59:11:59:13":6,"s:61:15:61:Infinity":2,"s:62:15:62:Infinity":3,"s:64:14:68:Infinity":4,"b:70:2:74:Infinity:undefined:undefined:undefined:undefined":7,"s:70:2:74:Infinity":5,"s:71:4:72:Infinity":6,"s:76:33:76:Infinity":7,"b:78:2:78:Infinity:undefined:undefined:undefined:undefined":8,"s:78:2:78:Infinity":8,"s:78:13:78:Infinity":9,"s:79:2:79:Infinity":10,"b:79:17:79:18:79:44:79:46":9,"b:79:55:79:64:79:64:79:66":10,"f:83:22:83:39":2,"b:83:47:83:48":11,"s:84:19:88:Infinity":11,"s:89:2:89:Infinity":12,"b:89:9:89:10:89:36:89:38":12,"f:93:22:93:44":3,"b:93:52:93:53":13,"s:94:19:98:Infinity":13,"s:99:2:99:Infinity":14,"b:99:9:99:10:99:41:99:43":14,"f:103:22:103:Infinity":4,"s:104:19:104:Infinity":15,"b:105:2:105:Infinity:undefined:undefined:undefined:undefined":15,"s:105:2:105:Infinity":16,"s:105:13:105:Infinity":17,"s:107:41:107:Infinity":18,"s:108:2:108:Infinity":19,"f:108:15:108:22":5,"s:108:22:108:88":20,"b:108:51:108:76:108:80:108:85":16,"s:110:2:110:Infinity":21,"f:110:36:110:37":6,"s:110:57:110:Infinity":22}}}
,"E:\\_HELIOJR\\ITEC\\itec-ead\\src\\services\\equipe.service.ts": {"path":"E:\\_HELIOJR\\ITEC\\itec-ead\\src\\services\\equipe.service.ts","statementMap":{"0":{"start":{"line":22,"column":26},"end":{"line":26,"column":null}},"1":{"start":{"line":28,"column":2},"end":{"line":28,"column":null}},"2":{"start":{"line":28,"column":13},"end":{"line":28,"column":null}},"3":{"start":{"line":29,"column":2},"end":{"line":29,"column":null}},"4":{"start":{"line":35,"column":26},"end":{"line":39,"column":null}},"5":{"start":{"line":41,"column":2},"end":{"line":41,"column":null}},"6":{"start":{"line":41,"column":13},"end":{"line":41,"column":null}},"7":{"start":{"line":42,"column":2},"end":{"line":42,"column":null}},"8":{"start":{"line":49,"column":20},"end":{"line":52,"column":null}},"9":{"start":{"line":54,"column":2},"end":{"line":54,"column":null}},"10":{"start":{"line":54,"column":13},"end":{"line":54,"column":null}},"11":{"start":{"line":55,"column":2},"end":{"line":55,"column":null}},"12":{"start":{"line":59,"column":20},"end":{"line":62,"column":null}},"13":{"start":{"line":64,"column":2},"end":{"line":64,"column":null}},"14":{"start":{"line":64,"column":13},"end":{"line":64,"column":null}},"15":{"start":{"line":65,"column":2},"end":{"line":65,"column":null}}},"fnMap":{"0":{"name":"getEquipe","decl":{"start":{"line":21,"column":22},"end":{"line":21,"column":null}},"loc":{"start":{"line":21,"column":22},"end":{"line":30,"column":null}},"line":21},"1":{"name":"createMembro","decl":{"start":{"line":32,"column":22},"end":{"line":32,"column":null}},"loc":{"start":{"line":33,"column":22},"end":{"line":43,"column":null}},"line":33},"2":{"name":"updateMembro","decl":{"start":{"line":45,"column":22},"end":{"line":45,"column":null}},"loc":{"start":{"line":47,"column":31},"end":{"line":56,"column":null}},"line":47},"3":{"name":"desativarMembro","decl":{"start":{"line":58,"column":22},"end":{"line":58,"column":38}},"loc":{"start":{"line":58,"column":48},"end":{"line":66,"column":null}},"line":58}},"branchMap":{"0":{"loc":{"start":{"line":28,"column":2},"end":{"line":28,"column":null}},"type":"if","locations":[{"start":{"line":28,"column":2},"end":{"line":28,"column":null}},{"start":{},"end":{}}],"line":28},"1":{"loc":{"start":{"line":29,"column":9},"end":{"line":29,"column":39}},"type":"binary-expr","locations":[{"start":{"line":29,"column":9},"end":{"line":29,"column":10}},{"start":{"line":29,"column":37},"end":{"line":29,"column":39}}],"line":29},"2":{"loc":{"start":{"line":41,"column":2},"end":{"line":41,"column":null}},"type":"if","locations":[{"start":{"line":41,"column":2},"end":{"line":41,"column":null}},{"start":{},"end":{}}],"line":41},"3":{"loc":{"start":{"line":54,"column":2},"end":{"line":54,"column":null}},"type":"if","locations":[{"start":{"line":54,"column":2},"end":{"line":54,"column":null}},{"start":{},"end":{}}],"line":54},"4":{"loc":{"start":{"line":64,"column":2},"end":{"line":64,"column":null}},"type":"if","locations":[{"start":{"line":64,"column":2},"end":{"line":64,"column":null}},{"start":{},"end":{}}],"line":64}},"s":{"0":2,"1":2,"2":1,"3":1,"4":2,"5":2,"6":1,"7":1,"8":2,"9":2,"10":1,"11":1,"12":2,"13":2,"14":1,"15":1},"f":{"0":2,"1":2,"2":2,"3":2},"b":{"0":[1,1],"1":[1,0],"2":[1,1],"3":[1,1],"4":[1,1]},"meta":{"lastBranch":5,"lastFunction":4,"lastStatement":16,"seen":{"f:21:22:21:Infinity":0,"s:22:26:26:Infinity":0,"b:28:2:28:Infinity:undefined:undefined:undefined:undefined":0,"s:28:2:28:Infinity":1,"s:28:13:28:Infinity":2,"s:29:2:29:Infinity":3,"b:29:9:29:10:29:37:29:39":1,"f:32:22:32:Infinity":1,"s:35:26:39:Infinity":4,"b:41:2:41:Infinity:undefined:undefined:undefined:undefined":2,"s:41:2:41:Infinity":5,"s:41:13:41:Infinity":6,"s:42:2:42:Infinity":7,"f:45:22:45:Infinity":2,"s:49:20:52:Infinity":8,"b:54:2:54:Infinity:undefined:undefined:undefined:undefined":3,"s:54:2:54:Infinity":9,"s:54:13:54:Infinity":10,"s:55:2:55:Infinity":11,"f:58:22:58:38":3,"s:59:20:62:Infinity":12,"b:64:2:64:Infinity:undefined:undefined:undefined:undefined":4,"s:64:2:64:Infinity":13,"s:64:13:64:Infinity":14,"s:65:2:65:Infinity":15}}}
,"E:\\_HELIOJR\\ITEC\\itec-ead\\src\\services\\ficha-aluno.service.ts": {"path":"E:\\_HELIOJR\\ITEC\\itec-ead\\src\\services\\ficha-aluno.service.ts","statementMap":{"0":{"start":{"line":45,"column":47},"end":{"line":72,"column":null}},"1":{"start":{"line":74,"column":2},"end":{"line":79,"column":null}}},"fnMap":{"0":{"name":"getFichaAluno","decl":{"start":{"line":44,"column":22},"end":{"line":44,"column":36}},"loc":{"start":{"line":44,"column":51},"end":{"line":80,"column":null}},"line":44}},"branchMap":{"0":{"loc":{"start":{"line":76,"column":19},"end":{"line":76,"column":36}},"type":"binary-expr","locations":[{"start":{"line":76,"column":19},"end":{"line":76,"column":30}},{"start":{"line":76,"column":34},"end":{"line":76,"column":36}}],"line":76},"1":{"loc":{"start":{"line":77,"column":19},"end":{"line":77,"column":36}},"type":"binary-expr","locations":[{"start":{"line":77,"column":19},"end":{"line":77,"column":30}},{"start":{"line":77,"column":34},"end":{"line":77,"column":36}}],"line":77},"2":{"loc":{"start":{"line":78,"column":19},"end":{"line":78,"column":null}},"type":"binary-expr","locations":[{"start":{"line":78,"column":19},"end":{"line":78,"column":31}},{"start":{"line":78,"column":35},"end":{"line":78,"column":null}}],"line":78}},"s":{"0":2,"1":2},"f":{"0":2},"b":{"0":[2,1],"1":[2,1],"2":[2,1]},"meta":{"lastBranch":3,"lastFunction":1,"lastStatement":2,"seen":{"f:44:22:44:36":0,"s:45:47:72:Infinity":0,"s:74:2:79:Infinity":1,"b:76:19:76:30:76:34:76:36":0,"b:77:19:77:30:77:34:77:36":1,"b:78:19:78:31:78:35:78:Infinity":2}}}
,"E:\\_HELIOJR\\ITEC\\itec-ead\\src\\services\\financeiro.service.ts": {"path":"E:\\_HELIOJR\\ITEC\\itec-ead\\src\\services\\financeiro.service.ts","statementMap":{"0":{"start":{"line":52,"column":26},"end":{"line":56,"column":null}},"1":{"start":{"line":58,"column":2},"end":{"line":58,"column":null}},"2":{"start":{"line":58,"column":22},"end":{"line":58,"column":null}},"3":{"start":{"line":59,"column":2},"end":{"line":59,"column":null}},"4":{"start":{"line":67,"column":20},"end":{"line":75,"column":null}},"5":{"start":{"line":77,"column":2},"end":{"line":77,"column":null}},"6":{"start":{"line":77,"column":13},"end":{"line":77,"column":null}},"7":{"start":{"line":78,"column":2},"end":{"line":78,"column":null}},"8":{"start":{"line":82,"column":26},"end":{"line":87,"column":16}},"9":{"start":{"line":89,"column":2},"end":{"line":89,"column":null}},"10":{"start":{"line":89,"column":13},"end":{"line":89,"column":null}},"11":{"start":{"line":90,"column":2},"end":{"line":90,"column":null}},"12":{"start":{"line":99,"column":20},"end":{"line":107,"column":null}},"13":{"start":{"line":109,"column":2},"end":{"line":109,"column":null}},"14":{"start":{"line":109,"column":13},"end":{"line":109,"column":null}},"15":{"start":{"line":110,"column":2},"end":{"line":110,"column":null}},"16":{"start":{"line":114,"column":26},"end":{"line":119,"column":null}},"17":{"start":{"line":121,"column":2},"end":{"line":121,"column":null}},"18":{"start":{"line":121,"column":22},"end":{"line":121,"column":null}},"19":{"start":{"line":126,"column":19},"end":{"line":126,"column":null}},"20":{"start":{"line":127,"column":2},"end":{"line":138,"column":null}},"21":{"start":{"line":128,"column":17},"end":{"line":128,"column":68}},"22":{"start":{"line":129,"column":18},"end":{"line":134,"column":null}},"23":{"start":{"line":135,"column":4},"end":{"line":135,"column":null}},"24":{"start":{"line":136,"column":4},"end":{"line":136,"column":null}},"25":{"start":{"line":137,"column":4},"end":{"line":137,"column":null}},"26":{"start":{"line":140,"column":2},"end":{"line":148,"column":null}},"27":{"start":{"line":141,"column":57},"end":{"line":147,"column":null}},"28":{"start":{"line":148,"column":20},"end":{"line":148,"column":71}},"29":{"start":{"line":152,"column":23},"end":{"line":152,"column":null}},"30":{"start":{"line":154,"column":19},"end":{"line":154,"column":57}},"31":{"start":{"line":155,"column":20},"end":{"line":156,"column":null}},"32":{"start":{"line":156,"column":9},"end":{"line":156,"column":null}},"33":{"start":{"line":158,"column":20},"end":{"line":158,"column":null}},"34":{"start":{"line":158,"column":45},"end":{"line":158,"column":null}},"35":{"start":{"line":159,"column":24},"end":{"line":159,"column":null}},"36":{"start":{"line":159,"column":51},"end":{"line":159,"column":62}},"37":{"start":{"line":161,"column":18},"end":{"line":163,"column":null}},"38":{"start":{"line":162,"column":17},"end":{"line":162,"column":null}},"39":{"start":{"line":163,"column":20},"end":{"line":163,"column":71}},"40":{"start":{"line":165,"column":2},"end":{"line":170,"column":null}},"41":{"start":{"line":181,"column":46},"end":{"line":185,"column":null}},"42":{"start":{"line":187,"column":2},"end":{"line":187,"column":null}},"43":{"start":{"line":187,"column":29},"end":{"line":187,"column":null}},"44":{"start":{"line":189,"column":20},"end":{"line":197,"column":null}},"45":{"start":{"line":189,"column":41},"end":{"line":197,"column":null}},"46":{"start":{"line":199,"column":20},"end":{"line":201,"column":null}},"47":{"start":{"line":203,"column":2},"end":{"line":203,"column":null}},"48":{"start":{"line":203,"column":13},"end":{"line":203,"column":null}},"49":{"start":{"line":204,"column":2},"end":{"line":204,"column":null}}},"fnMap":{"0":{"name":"getTaxaMatricula","decl":{"start":{"line":51,"column":22},"end":{"line":51,"column":39}},"loc":{"start":{"line":51,"column":54},"end":{"line":60,"column":null}},"line":51},"1":{"name":"registrarPagamentoTaxa","decl":{"start":{"line":62,"column":22},"end":{"line":62,"column":null}},"loc":{"start":{"line":65,"column":23},"end":{"line":79,"column":null}},"line":65},"2":{"name":"getMensalidadesByAluno","decl":{"start":{"line":81,"column":22},"end":{"line":81,"column":45}},"loc":{"start":{"line":81,"column":60},"end":{"line":91,"column":null}},"line":81},"3":{"name":"registrarPagamentoMensalidade","decl":{"start":{"line":93,"column":22},"end":{"line":93,"column":null}},"loc":{"start":{"line":97,"column":23},"end":{"line":111,"column":null}},"line":97},"4":{"name":"getInadimplentes","decl":{"start":{"line":113,"column":22},"end":{"line":113,"column":null}},"loc":{"start":{"line":113,"column":22},"end":{"line":149,"column":null}},"line":113},"5":{"name":"(anonymous_5)","decl":{"start":{"line":141,"column":9},"end":{"line":141,"column":10}},"loc":{"start":{"line":141,"column":57},"end":{"line":147,"column":null}},"line":141},"6":{"name":"(anonymous_6)","decl":{"start":{"line":148,"column":10},"end":{"line":148,"column":11}},"loc":{"start":{"line":148,"column":20},"end":{"line":148,"column":71}},"line":148},"7":{"name":"getResumoFinanceiroAluno","decl":{"start":{"line":151,"column":22},"end":{"line":151,"column":47}},"loc":{"start":{"line":151,"column":62},"end":{"line":171,"column":null}},"line":151},"8":{"name":"(anonymous_8)","decl":{"start":{"line":156,"column":4},"end":{"line":156,"column":9}},"loc":{"start":{"line":156,"column":9},"end":{"line":156,"column":null}},"line":156},"9":{"name":"(anonymous_9)","decl":{"start":{"line":158,"column":40},"end":{"line":158,"column":45}},"loc":{"start":{"line":158,"column":45},"end":{"line":158,"column":null}},"line":158},"10":{"name":"(anonymous_10)","decl":{"start":{"line":159,"column":41},"end":{"line":159,"column":42}},"loc":{"start":{"line":159,"column":51},"end":{"line":159,"column":62}},"line":159},"11":{"name":"(anonymous_11)","decl":{"start":{"line":162,"column":12},"end":{"line":162,"column":17}},"loc":{"start":{"line":162,"column":17},"end":{"line":162,"column":null}},"line":162},"12":{"name":"(anonymous_12)","decl":{"start":{"line":163,"column":10},"end":{"line":163,"column":11}},"loc":{"start":{"line":163,"column":20},"end":{"line":163,"column":71}},"line":163},"13":{"name":"gerarMensalidadesMes","decl":{"start":{"line":174,"column":22},"end":{"line":174,"column":null}},"loc":{"start":{"line":178,"column":23},"end":{"line":205,"column":null}},"line":178},"14":{"name":"(anonymous_14)","decl":{"start":{"line":189,"column":35},"end":{"line":189,"column":41}},"loc":{"start":{"line":189,"column":41},"end":{"line":197,"column":null}},"line":189}},"branchMap":{"0":{"loc":{"start":{"line":58,"column":2},"end":{"line":58,"column":null}},"type":"if","locations":[{"start":{"line":58,"column":2},"end":{"line":58,"column":null}},{"start":{},"end":{}}],"line":58},"1":{"loc":{"start":{"line":58,"column":6},"end":{"line":58,"column":22}},"type":"binary-expr","locations":[{"start":{"line":58,"column":6},"end":{"line":58,"column":15}},{"start":{"line":58,"column":15},"end":{"line":58,"column":22}}],"line":58},"2":{"loc":{"start":{"line":77,"column":2},"end":{"line":77,"column":null}},"type":"if","locations":[{"start":{"line":77,"column":2},"end":{"line":77,"column":null}},{"start":{},"end":{}}],"line":77},"3":{"loc":{"start":{"line":89,"column":2},"end":{"line":89,"column":null}},"type":"if","locations":[{"start":{"line":89,"column":2},"end":{"line":89,"column":null}},{"start":{},"end":{}}],"line":89},"4":{"loc":{"start":{"line":90,"column":9},"end":{"line":90,"column":38}},"type":"binary-expr","locations":[{"start":{"line":90,"column":9},"end":{"line":90,"column":10}},{"start":{"line":90,"column":36},"end":{"line":90,"column":38}}],"line":90},"5":{"loc":{"start":{"line":109,"column":2},"end":{"line":109,"column":null}},"type":"if","locations":[{"start":{"line":109,"column":2},"end":{"line":109,"column":null}},{"start":{},"end":{}}],"line":109},"6":{"loc":{"start":{"line":121,"column":2},"end":{"line":121,"column":null}},"type":"if","locations":[{"start":{"line":121,"column":2},"end":{"line":121,"column":null}},{"start":{},"end":{}}],"line":121},"7":{"loc":{"start":{"line":121,"column":6},"end":{"line":121,"column":22}},"type":"binary-expr","locations":[{"start":{"line":121,"column":6},"end":{"line":121,"column":15}},{"start":{"line":121,"column":15},"end":{"line":121,"column":22}}],"line":121},"8":{"loc":{"start":{"line":128,"column":17},"end":{"line":128,"column":68}},"type":"cond-expr","locations":[{"start":{"line":128,"column":44},"end":{"line":128,"column":56}},{"start":{"line":128,"column":59},"end":{"line":128,"column":68}}],"line":128},"9":{"loc":{"start":{"line":129,"column":18},"end":{"line":134,"column":null}},"type":"binary-expr","locations":[{"start":{"line":129,"column":18},"end":{"line":129,"column":46}},{"start":{"line":129,"column":46},"end":{"line":134,"column":null}}],"line":129},"10":{"loc":{"start":{"line":130,"column":13},"end":{"line":130,"column":42}},"type":"binary-expr","locations":[{"start":{"line":130,"column":13},"end":{"line":130,"column":32}},{"start":{"line":130,"column":32},"end":{"line":130,"column":42}}],"line":130},"11":{"loc":{"start":{"line":131,"column":13},"end":{"line":131,"column":null}},"type":"binary-expr","locations":[{"start":{"line":131,"column":13},"end":{"line":131,"column":28}},{"start":{"line":131,"column":28},"end":{"line":131,"column":null}}],"line":131},"12":{"loc":{"start":{"line":156,"column":9},"end":{"line":156,"column":null}},"type":"binary-expr","locations":[{"start":{"line":156,"column":10},"end":{"line":156,"column":37}},{"start":{"line":156,"column":37},"end":{"line":156,"column":59}},{"start":{"line":156,"column":65},"end":{"line":156,"column":null}}],"line":156},"13":{"loc":{"start":{"line":158,"column":45},"end":{"line":158,"column":null}},"type":"binary-expr","locations":[{"start":{"line":158,"column":45},"end":{"line":158,"column":72}},{"start":{"line":158,"column":72},"end":{"line":158,"column":null}}],"line":158},"14":{"loc":{"start":{"line":161,"column":18},"end":{"line":163,"column":null}},"type":"binary-expr","locations":[{"start":{"line":161,"column":18},"end":{"line":163,"column":74}},{"start":{"line":163,"column":78},"end":{"line":163,"column":null}}],"line":161},"15":{"loc":{"start
[...]
,"column":null}},"40":{"start":{"line":172,"column":40},"end":{"line":176,"column":null}},"41":{"start":{"line":178,"column":41},"end":{"line":178,"column":null}},"42":{"start":{"line":179,"column":2},"end":{"line":179,"column":null}},"43":{"start":{"line":179,"column":21},"end":{"line":179,"column":null}},"44":{"start":{"line":181,"column":20},"end":{"line":184,"column":null}},"45":{"start":{"line":186,"column":2},"end":{"line":186,"column":null}},"46":{"start":{"line":186,"column":13},"end":{"line":186,"column":null}},"47":{"start":{"line":187,"column":2},"end":{"line":187,"column":null}},"48":{"start":{"line":191,"column":20},"end":{"line":194,"column":null}},"49":{"start":{"line":195,"column":2},"end":{"line":195,"column":null}},"50":{"start":{"line":195,"column":13},"end":{"line":195,"column":null}},"51":{"start":{"line":196,"column":2},"end":{"line":196,"column":null}},"52":{"start":{"line":204,"column":26},"end":{"line":214,"column":null}},"53":{"start":{"line":215,"column":2},"end":{"line":215,"column":null}},"54":{"start":{"line":215,"column":13},"end":{"line":215,"column":null}},"55":{"start":{"line":216,"column":2},"end":{"line":216,"column":null}},"56":{"start":{"line":223,"column":20},"end":{"line":230,"column":null}},"57":{"start":{"line":232,"column":2},"end":{"line":232,"column":null}},"58":{"start":{"line":232,"column":13},"end":{"line":232,"column":null}},"59":{"start":{"line":233,"column":2},"end":{"line":233,"column":null}}},"fnMap":{"0":{"name":"getProfessores","decl":{"start":{"line":49,"column":22},"end":{"line":49,"column":null}},"loc":{"start":{"line":53,"column":21},"end":{"line":75,"column":null}},"line":53},"1":{"name":"getProfessorById","decl":{"start":{"line":77,"column":22},"end":{"line":77,"column":39}},"loc":{"start":{"line":77,"column":49},"end":{"line":86,"column":null}},"line":77},"2":{"name":"getProfessorByUserId","decl":{"start":{"line":88,"column":22},"end":{"line":88,"column":43}},"loc":{"start":{"line":88,"column":57},"end":{"line":97,"column":null}},"line":88},"3":{"name":"createProfessor","decl":{"start":{"line":99,"column":22},"end":{"line":99,"column":null}},"loc":{"start":{"line":100,"column":25},"end":{"line":110,"column":null}},"line":100},"4":{"name":"updateProfessor","decl":{"start":{"line":112,"column":22},"end":{"line":112,"column":null}},"loc":{"start":{"line":114,"column":34},"end":{"line":123,"column":null}},"line":114},"5":{"name":"getContratosByProfessor","decl":{"start":{"line":125,"column":22},"end":{"line":125,"column":null}},"loc":{"start":{"line":126,"column":21},"end":{"line":137,"column":null}},"line":126},"6":{"name":"getContratoById","decl":{"start":{"line":139,"column":22},"end":{"line":139,"column":null}},"loc":{"start":{"line":140,"column":12},"end":{"line":150,"column":null}},"line":140},"7":{"name":"getContratoByDisciplina","decl":{"start":{"line":152,"column":22},"end":{"line":152,"column":null}},"loc":{"start":{"line":154,"column":22},"end":{"line":165,"column":null}},"line":154},"8":{"name":"updateStatusContrato","decl":{"start":{"line":167,"column":22},"end":{"line":167,"column":null}},"loc":{"start":{"line":169,"column":37},"end":{"line":188,"column":null}},"line":169},"9":{"name":"desativarProfessor","decl":{"start":{"line":190,"column":22},"end":{"line":190,"column":41}},"loc":{"start":{"line":190,"column":51},"end":{"line":197,"column":null}},"line":190},"10":{"name":"vincularDisciplina","decl":{"start":{"line":199,"column":22},"end":{"line":199,"column":null}},"loc":{"start":{"line":202,"column":19},"end":{"line":217,"column":null}},"line":202},"11":{"name":"preencherContrato","decl":{"start":{"line":219,"column":22},"end":{"line":219,"column":null}},"loc":{"start":{"line":221,"column":32},"end":{"line":234,"column":null}},"line":221}},"branchMap":{"0":{"loc":{"start":{"line":50,"column":2},"end":{"line":50,"column":10}},"type":"default-arg","locations":[{"start":{"line":50,"column":9},"end":{"line":50,"column":10}}],"line":50},"1":{"loc":{"start":{"line":51,"column":2},"end":{"line":51,"column":12}},"type":"default-arg","locations":[{"start":{"line":51,"column":10},"end":{"line":51,"column":12}}],"line":51},"2":{"loc":{"start":{"line":52,"column":2},"end":{"line":52,"column":13}},"type":"default-arg","locations":[{"start":{"line":52,"column":11},"end":{"line":52,"column":13}}],"line":52},"3":{"loc":{"start":{"line":53,"column":2},"end":{"line":53,"column":21}},"type":"default-arg","locations":[{"start":{"line":53,"column":17},"end":{"line":53,"column":21}}],"line":53},"4":{"loc":{"start":{"line":62,"column":2},"end":{"line":62,"column":null}},"type":"if","locations":[{"start":{"line":62,"column":2},"end":{"line":62,"column":null}},{"start":{},"end":{}}],"line":62},"5":{"loc":{"start":{"line":63,"column":2},"end":{"line":67,"column":null}},"type":"if","locations":[{"start":{"line":63,"column":2},"end":{"line":67,"column":null}},{"start":{},"end":{}}],"line":63},"6":{"loc":{"start":{"line":73,"column":2},"end":{"line":73,"column":null}},"type":"if","locations":[{"start":{"line":73,"column":2},"end":{"line":73,"column":null}},{"start":{},"end":{}}],"line":73},"7":{"loc":{"start":{"line":74,"column":17},"end":{"line":74,"column":44}},"type":"binary-expr","locations":[{"start":{"line":74,"column":17},"end":{"line":74,"column":18}},{"start":{"line":74,"column":42},"end":{"line":74,"column":44}}],"line":74},"8":{"loc":{"start":{"line":74,"column":53},"end":{"line":74,"column":64}},"type":"binary-expr","locations":[{"start":{"line":74,"column":53},"end":{"line":74,"column":62}},{"start":{"line":74,"column":62},"end":{"line":74,"column":64}}],"line":74},"9":{"loc":{"start":{"line":84,"column":2},"end":{"line":84,"column":null}},"type":"if","locations":[{"start":{"line":84,"column":2},"end":{"line":84,"column":null}},{"start":{},"end":{}}],"line":84},"10":{"loc":{"start":{"line":84,"column":6},"end":{"line":84,"column":22}},"type":"binary-expr","locations":[{"start":{"line":84,"column":6},"end":{"line":84,"column":15}},{"start":{"line":84,"column":15},"end":{"line":84,"column":22}}],"line":84},"11":{"loc":{"start":{"line":95,"column":2},"end":{"line":95,"column":null}},"type":"if","locations":[{"start":{"line":95,"column":2},"end":{"line":95,"column":null}},{"start":{},"end":{}}],"line":95},"12":{"loc":{"start":{"line":95,"column":6},"end":{"line":95,"column":22}},"type":"binary-expr","locations":[{"start":{"line":95,"column":6},"end":{"line":95,"column":15}},{"start":{"line":95,"column":15},"end":{"line":95,"column":22}}],"line":95},"13":{"loc":{"start":{"line":108,"column":2},"end":{"line":108,"column":null}},"type":"if","locations":[{"start":{"line":108,"column":2},"end":{"line":108,"column":null}},{"start":{},"end":{}}],"line":108},"14":{"loc":{"start":{"line":121,"column":2},"end":{"line":121,"column":null}},"type":"if","locations":[{"start":{"line":121,"column":2},"end":{"line":121,"column":null}},{"start":{},"end":{}}],"line":121},"15":{"loc":{"start":{"line":135,"column":2},"end":{"line":135,"column":null}},"type":"if","locations":[{"start":{"line":135,"column":2},"end":{"line":135,"column":null}},{"start":{},"end":{}}],"line":135},"16":{"loc":{"start":{"line":136,"column":9},"end":{"line":136,"column":44}},"type":"binary-expr","locations":[{"start":{"line":136,"column":9},"end":{"line":136,"column":10}},{"start":{"line":136,"column":42},"end":{"line":136,"column":44}}],"line":136},"17":{"loc":{"start":{"line":148,"column":2},"end":{"line":148,"column":null}},"type":"if","locations":[{"start":{"line":148,"column":2},"end":{"line":148,"column":null}},{"start":{},"end":{}}],"line":148},"18":{"loc":{"start":{"line":148,"column":6},"end":{"line":148,"column":22}},"type":"binary-expr","locations":[{"start":{"line":148,"column":6},"end":{"line":148,"column":15}},{"start":{"line":148,"column":15},"end":{"line":148,"column":22}}],"line":148},"19":{"loc":{"start":{"line":163,"column":2},"end":{"line":163,"column":null}},"type":"if","locations":[{"start":{"line":163,"column":2},"end":{"line":163,"column":null}},{"start":{},"end":{}}],"line":163},"20":{"loc":{"start":{"line":163,"column":6},"end":{"line":163,"column":22}},"type":"binary-expr","locations":[{"start":{"line":163,"column":6},"end":{"line":163,"column":15}},{"start":{"line":163,"column":15},"end":{"line":163,"column":22}}],"line":163},"21":{"loc":{"start":{"line":179,"column":2},"end":{"line":179,"column":null}},"type":"if","locations":[{"start":{"line":179,"column":2},"end":{"line":179,"column":null}},{"start":{},"end":{}}],"line":179},"22":{"loc":{"start":{"line":186,"column":2},"end":{"line":186,"column":null}},"type":"if","locations":[{"start":{"line":186,"column":2},"end":{"line":186,"column":null}},{"start":{},"end":{}}],"line":186},"23":{"loc":{"start":{"line":195,"column":2},"end":{"line":195,"column":null}},"type":"if","locations":[{"start":{"line":195,"column":2},"end":{"line":195,"column":null}},{"start":{},"end":{}}],"line":195},"24":{"loc":{"start":{"line":215,"column":2},"end":{"line":215,"column":null}},"type":"if","locations":[{"start":{"line":215,"column":2},"end":{"line":215,"column":null}},{"start":{},"end":{}}],"line":215},"25":{"loc":{"start":{"line":232,"column":2},"end":{"line":232,"column":null}},"type":"if","locations":[{"start":{"line":232,"column":2},"end":{"line":232,"column":null}},{"start":{},"end":{}}],"line":232}},"s":{"0":2,"1":2,"2":2,"3":2,"4":2,"5":2,"6":0,"7":2,"8":2,"9":1,"10":1,"11":2,"12":2,"13":1,"14":1,"15":2,"16":2,"17":1,"18":1,"19":2,"20":2,"21":1,"22":1,"23":2,"24":2,"25":1,"26":1,"27":2,"28":2,"29":1,"30":1,"31":2,"32":2,"33":1,"34":1,"35":2,"36":2,"37":1,"38":1,"39":3,"40":3,"41":3,"42":3,"43":2,"44":3,"45":3,"46":1,"47":2,"48":2,"49":2,"50":1,"51":1,"52":2,"53":2,"54":1,"55":1,"56":2,"57":2,"58":1,"59":1},"f":{"0":2,"1":2,"2":2,"3":2,"4":2,"5":2,"6":2,"7":2,"8":3,"9":2,"10":2,"11":2},"b":{"0":[2],"1":[2],"2":[2],"3":[2],"4":[2,0],"5":[0,2],"6":[1,1],"7":[1,0],"8":[2,0],"9":[1,1],"10":[2,1],"11":[1,1],"12":[2,1],"13":[1,1],"14":[1,1],"15":[1,1],"16":[1,0],"17":[1,1],"18":[2,1],"19":[1,1],"20":[2,1],"21":[2,1],"22":[1,2],"23":[1,1],"24":[1,1],"25":[1,1]},"meta":{"lastBranch":26,"lastFunction":12,"lastStatement":60,"seen":{"f:49:22:49:Infinity":0,"b:50:9:50:10":0,"b:51:10:51:12":1,"b:52:11:52:13":2,"b:53:17:53:21":3,"s:55:15:55:Infinity":0,"s:56:15:56:Infinity":1,"s:58:14:60:Infinity":2,"b:62:2:62:Infinity:undefined:undefined:undefined:undefined":4,"s:62:2:62:Infinity":3,"s:62:20:62:Infinity":4,"b:63:2:67:Infinity:undefined:undefined:undefined:undefined":5,"s:63:2:67:Infinity":5,"s:64:4:65:Infinity":6,"s:69:33:71:Infinity":7,"b:73:2:73:Infinity:undefined:undefined:undefined:undefined":6,"s:73:2:73:Infinity":8,"s:73:13:73:Infinity":9,"s:74:2:74:Infinity":10,"b:74:17:74:18:74:42:74:44":7,"b:74:53:74:62:74:62:74:64":8,"f:77:22:77:39":1,"s:78:26:82:Infinity":11,"b:84:2:84:Infinity:undefined:undefined:undefined:undefined":9,"s:84:2:84:Infinity":12,"b:84:6:84:15:84:15:84:22":10,"s:84:22:84:Infinity":13,"s:85:2:85:Infinity":14,"f:88:22:88:43":2,"s:89:26:93:Infinity":15,"b:95:2:95:Infinity:undefined:undefined:undefined:undefined":11,"s:95:2:95:Infinity":16,"b:95:6:95:15:95:15:95:22":12,"s:95:22:95:Infinity":17,"s:96:2:96:Infinity":18,"f:99:22:99:Infinity":3,"s:102:26:106:Infinity":19,"b:108:2:108:Infinity:undefined:undefined:undefined:undefined":13,"s:108:2:108:Infinity":20,"s:108:13:108:Infinity":21,"s:109:2:109:Infinity":22,"f:112:22:112:Infinity":4,"s:116:20:119:Infinity":23,"b:121:2:121:Infinity:undefined:undefined:undefined:undefined":14,"s:121:2:121:Infinity":24,"s:121:13:121:Infinity":25,"s:122:2:122:Infinity":26,"f:125:22:125:Infinity":5,"s:128:26:133:16":27,"b:135:2:135:Infinity:undefined:undefined:undefined:undefined":15,"s:135:2:135:Infinity":28,"s:135:13:135:Infinity":29,"s:136:2:136:Infinity":30,"b:136:9:136:10:136:42:136:44":16,"f:139:22:139:Infinity":6,"s:142:26:146:Infinity":31,"b:148:2:148:Infinity:undefined:undefined:undefined:undefined":17,"s:148:2:148:Infinity":32,"b:148:6:148:15:148:15:148:22":18,"s:148:22:148:Infinity":33,"s:149:2:149:Infinity":34,"f:152:22:152:Infinity":7,"s:156:26:161:Infinity":35,"b:163:2:163:Infinity:undefined:undefined:undefined:undefined":19,"s:163:2:163:Infinity":36,"b:163:6:163:15:163:15:163:22":20,"s:163:22:163:Infinity":37,"s:164:2:164:Infinity":38,"f:167:22:167:Infinity":8,"s:171:14:171:Infinity":39,"s:172:40:176:Infinity":40,"s:178:41:178:Infinity":41,"b:179:2:179:Infinity:undefined:undefined:undefined:undefined":21,"s:179:2:179:Infinity":42,"s:179:21:179:Infinity":43,"s:181:20:184:Infinity":44,"b:186:2:186:Infinity:undefined:undefined:undefined:undefined":22,"s:186:2:186:Infinity":45,"s:186:13:186:Infinity":46,"s:187:2:187:Infinity":47,"f:190:22:190:41":9,"s:191:20:194:Infinity":48,"b:195:2:195:Infinity:undefined:undefined:undefined:undefined":23,"s:195:2:195:Infinity":49,"s:195:13:195:Infinity":50,"s:196:2:196:Infinity":51,"f:199:22:199:Infinity":10,"s:204:26:214:Infinity":52,"b:215:2:215:Infinity:undefined:undefined:undefined:undefined":24,"s:215:2:215:Infinity":53,"s:215:13:215:Infinity":54,"s:216:2:216:Infinity":55,"f:219:22:219:Infinity":11,"s:223:20:230:Infinity":56,"b:232:2:232:Infinity:undefined:undefined:undefined:undefined":25,"s:232:2:232:Infinity":57,"s:232:13:232:Infinity":58,"s:233:2:233:Infinity":59}}}
,"E:\\_HELIOJR\\ITEC\\itec-ead\\src\\services\\profile.service.ts": {"path":"E:\\_HELIOJR\\ITEC\\itec-ead\\src\\services\\profile.service.ts","statementMap":{"0":{"start":{"line":9,"column":2},"end":{"line":9,"column":null}},"1":{"start":{"line":9,"column":15},"end":{"line":9,"column":null}},"2":{"start":{"line":11,"column":2},"end":{"line":22,"column":null}},"3":{"start":{"line":12,"column":28},"end":{"line":16,"column":null}},"4":{"start":{"line":18,"column":4},"end":{"line":18,"column":null}},"5":{"start":{"line":18,"column":24},"end":{"line":18,"column":null}},"6":{"start":{"line":19,"column":4},"end":{"line":19,"column":null}},"7":{"start":{"line":21,"column":4},"end":{"line":21,"column":null}},"8":{"start":{"line":31,"column":19},"end":{"line":35,"column":null}},"9":{"start":{"line":37,"column":2},"end":{"line":39,"column":null}},"10":{"start":{"line":38,"column":4},"end":{"line":38,"column":null}},"11":{"start":{"line":42,"column":2},"end":{"line":47,"column":null}},"12":{"start":{"line":55,"column":15},"end":{"line":55,"column":null}},"13":{"start":{"line":56,"column":15},"end":{"line":56,"column":41}},"14":{"start":{"line":58,"column":33},"end":{"line":61,"column":null}},"15":{"start":{"line":63,"column":2},"end":{"line":63,"column":null}},"16":{"start":{"line":63,"column":19},"end":{"line":63,"column":null}},"17":{"start":{"line":65,"column":19},"end":{"line":65,"column":null}},"18":{"start":{"line":66,"column":14},"end":{"line":66,"column":28}},"19":{"start":{"line":68,"column":33},"end":{"line":71,"column":null}},"20":{"start":{"line":73,"column":2},"end":{"line":73,"column":null}},"21":{"start":{"line":73,"column":19},"end":{"line":73,"column":null}},"22":{"start":{"line":74,"column":2},"end":{"line":74,"column":null}},"23":{"start":{"line":81,"column":20},"end":{"line":81,"column":null}},"24":{"start":{"line":82,"column":2},"end":{"line":82,"column":null}},"25":{"start":{"line":82,"column":13},"end":{"line":82,"column":null}},"26":{"start":{"line":83,"column":2},"end":{"line":83,"column":null}}},"fnMap":{"0":{"name":"getRole","decl":{"start":{"line":8,"column":22},"end":{"line":8,"column":30}},"loc":{"start":{"line":8,"column":44},"end":{"line":23,"column":null}},"line":8},"1":{"name":"getProfile","decl":{"start":{"line":26,"column":22},"end":{"line":26,"column":null}},"loc":{"start":{"line":29,"column":36},"end":{"line":48,"column":null}},"line":29},"2":{"name":"uploadAvatar","decl":{"start":{"line":51,"column":22},"end":{"line":51,"column":null}},"loc":{"start":{"line":53,"column":12},"end":{"line":75,"column":null}},"line":53},"3":{"name":"upsertProfile","decl":{"start":{"line":78,"column":22},"end":{"line":78,"column":null}},"loc":{"start":{"line":79,"column":44},"end":{"line":84,"column":null}},"line":79}},"branchMap":{"0":{"loc":{"start":{"line":9,"column":2},"end":{"line":9,"column":null}},"type":"if","locations":[{"start":{"line":9,"column":2},"end":{"line":9,"column":null}},{"start":{},"end":{}}],"line":9},"1":{"loc":{"start":{"line":18,"column":4},"end":{"line":18,"column":null}},"type":"if","locations":[{"start":{"line":18,"column":4},"end":{"line":18,"column":null}},{"start":{},"end":{}}],"line":18},"2":{"loc":{"start":{"line":18,"column":8},"end":{"line":18,"column":24}},"type":"binary-expr","locations":[{"start":{"line":18,"column":8},"end":{"line":18,"column":17}},{"start":{"line":18,"column":17},"end":{"line":18,"column":24}}],"line":18},"3":{"loc":{"start":{"line":19,"column":11},"end":{"line":19,"column":null}},"type":"binary-expr","locations":[{"start":{"line":19,"column":11},"end":{"line":19,"column":21}},{"start":{"line":19,"column":38},"end":{"line":19,"column":null}}],"line":19},"4":{"loc":{"start":{"line":37,"column":2},"end":{"line":39,"column":null}},"type":"if","locations":[{"start":{"line":37,"column":2},"end":{"line":39,"column":null}},{"start":{},"end":{}}],"line":37},"5":{"loc":{"start":{"line":44,"column":15},"end":{"line":44,"column":null}},"type":"binary-expr","locations":[{"start":{"line":44,"column":15},"end":{"line":44,"column":42}},{"start":{"line":44,"column":42},"end":{"line":44,"column":65}},{"start":{"line":44,"column":69},"end":{"line":44,"column":null}}],"line":44},"6":{"loc":{"start":{"line":55,"column":15},"end":{"line":55,"column":null}},"type":"binary-expr","locations":[{"start":{"line":55,"column":15},"end":{"line":55,"column":45}},{"start":{"line":55,"column":45},"end":{"line":55,"column":null}}],"line":55},"7":{"loc":{"start":{"line":63,"column":2},"end":{"line":63,"column":null}},"type":"if","locations":[{"start":{"line":63,"column":2},"end":{"line":63,"column":null}},{"start":{},"end":{}}],"line":63},"8":{"loc":{"start":{"line":73,"column":2},"end":{"line":73,"column":null}},"type":"if","locations":[{"start":{"line":73,"column":2},"end":{"line":73,"column":null}},{"start":{},"end":{}}],"line":73},"9":{"loc":{"start":{"line":82,"column":2},"end":{"line":82,"column":null}},"type":"if","locations":[{"start":{"line":82,"column":2},"end":{"line":82,"column":null}},{"start":{},"end":{}}],"line":82}},"s":{"0":15,"1":0,"2":15,"3":15,"4":15,"5":2,"6":13,"7":0,"8":2,"9":2,"10":1,"11":1,"12":0,"13":0,"14":0,"15":0,"16":0,"17":0,"18":0,"19":0,"20":0,"21":0,"22":0,"23":0,"24":0,"25":0,"26":0},"f":{"0":15,"1":2,"2":0,"3":0},"b":{"0":[0,15],"1":[2,13],"2":[15,14],"3":[13,0],"4":[1,1],"5":[1,0,0],"6":[0,0],"7":[0,0],"8":[0,0],"9":[0,0]},"meta":{"lastBranch":10,"lastFunction":4,"lastStatement":27,"seen":{"f:8:22:8:30":0,"b:9:2:9:Infinity:undefined:undefined:undefined:undefined":0,"s:9:2:9:Infinity":0,"s:9:15:9:Infinity":1,"s:11:2:22:Infinity":2,"s:12:28:16:Infinity":3,"b:18:4:18:Infinity:undefined:undefined:undefined:undefined":1,"s:18:4:18:Infinity":4,"b:18:8:18:17:18:17:18:24":2,"s:18:24:18:Infinity":5,"s:19:4:19:Infinity":6,"b:19:11:19:21:19:38:19:Infinity":3,"s:21:4:21:Infinity":7,"f:26:22:26:Infinity":1,"s:31:19:35:Infinity":8,"b:37:2:39:Infinity:undefined:undefined:undefined:undefined":4,"s:37:2:39:Infinity":9,"s:38:4:38:Infinity":10,"s:42:2:47:Infinity":11,"b:44:15:44:42:44:42:44:65:44:69:44:Infinity":5,"f:51:22:51:Infinity":2,"s:55:15:55:Infinity":12,"b:55:15:55:45:55:45:55:Infinity":6,"s:56:15:56:41":13,"s:58:33:61:Infinity":14,"b:63:2:63:Infinity:undefined:undefined:undefined:undefined":7,"s:63:2:63:Infinity":15,"s:63:19:63:Infinity":16,"s:65:19:65:Infinity":17,"s:66:14:66:28":18,"s:68:33:71:Infinity":19,"b:73:2:73:Infinity:undefined:undefined:undefined:undefined":8,"s:73:2:73:Infinity":20,"s:73:19:73:Infinity":21,"s:74:2:74:Infinity":22,"f:78:22:78:Infinity":3,"s:81:20:81:Infinity":23,"b:82:2:82:Infinity:undefined:undefined:undefined:undefined":9,"s:82:2:82:Infinity":24,"s:82:13:82:Infinity":25,"s:83:2:83:Infinity":26}}}
}
